2018-07-20 13:48:20,774 - main.py[line:49] - INFO: words index loaded
2018-07-20 13:48:20,883 - tf_logging.py[line:82] - INFO: Using config: {'_save_checkpoints_steps': None, '_keep_checkpoint_max': 1, '_log_step_count_steps': 100, '_cluster_spec': <tensorflow.python.training.server_lib.ClusterSpec object at 0x00000182828BC5C0>, '_master': '', '_service': None, '_keep_checkpoint_every_n_hours': 10000, '_num_ps_replicas': 0, '_task_type': 'worker', '_num_worker_replicas': 1, '_task_id': 0, '_model_dir': './model/saved_model/model_1000', '_tf_random_seed': None, '_save_summary_steps': 100, '_session_config': None, '_save_checkpoints_secs': 600, '_is_chief': True}
2018-07-20 13:48:23,606 - tf_logging.py[line:82] - INFO: Create CheckpointSaverHook.
2018-07-20 13:48:35,808 - tf_logging.py[line:82] - INFO: Saving checkpoints for 1 into ./model/saved_model/model_1000\model.ckpt.
2018-07-20 13:48:38,137 - tf_logging.py[line:82] - INFO: loss = 1.3867006, step = 1
2018-07-20 13:48:38,137 - tf_logging.py[line:82] - INFO: global_step = 1, lr = 0.0005
2018-07-20 13:48:52,723 - tf_logging.py[line:82] - INFO: Saving checkpoints for 100 into ./model/saved_model/model_1000\model.ckpt.
2018-07-20 13:48:54,985 - tf_logging.py[line:82] - INFO: Loss for final step: 1.483086.
2018-07-20 13:48:57,599 - tf_logging.py[line:82] - INFO: Create CheckpointSaverHook.
2018-07-20 13:48:58,020 - tf_logging.py[line:82] - INFO: Restoring parameters from ./model/saved_model/model_1000\model.ckpt-100
2018-07-20 13:49:04,140 - tf_logging.py[line:82] - INFO: Saving checkpoints for 101 into ./model/saved_model/model_1000\model.ckpt.
2018-07-20 13:49:06,365 - tf_logging.py[line:82] - INFO: loss = 1.2233644, step = 101
2018-07-20 13:49:06,365 - tf_logging.py[line:82] - INFO: global_step = 101, lr = 0.0004974419
2018-07-20 13:49:20,797 - tf_logging.py[line:82] - INFO: Saving checkpoints for 200 into ./model/saved_model/model_1000\model.ckpt.
2018-07-20 13:49:23,204 - tf_logging.py[line:82] - INFO: Loss for final step: 1.387712.
2018-07-20 13:49:23,204 - main.py[line:29] - INFO: evaluating model on 1000 data samples....
2018-07-20 13:49:25,525 - tf_logging.py[line:82] - INFO: Starting evaluation at 2018-07-20-12:49:25
2018-07-20 13:49:25,916 - tf_logging.py[line:82] - INFO: Restoring parameters from ./model/saved_model/model_1000\model.ckpt-200
2018-07-20 13:49:28,735 - tf_logging.py[line:82] - INFO: Finished evaluation at 2018-07-20-12:49:28
2018-07-20 13:49:28,735 - tf_logging.py[line:82] - INFO: Saving dict for global step 200: accuracy = 0.509375, confusion_matrix = [[ 42  42   6   0]
 [ 19 114   2   0]
 [ 12  53   7   0]
 [  5  15   3   0]], global_step = 200, loss = 1.2651564
2018-07-20 13:49:31,996 - tf_logging.py[line:86] - WARNING: Skipping summary for confusion_matrix, must be a float, np.float32, np.int64, np.int32 or int.
2018-07-20 13:49:32,059 - main.py[line:31] - INFO: Val set accuracy: 0.509

2018-07-20 13:49:32,059 - tf_logging.py[line:82] - INFO: Using config: {'_save_checkpoints_steps': None, '_keep_checkpoint_max': 1, '_log_step_count_steps': 100, '_cluster_spec': <tensorflow.python.training.server_lib.ClusterSpec object at 0x00000182FFF9B198>, '_master': '', '_service': None, '_keep_checkpoint_every_n_hours': 10000, '_num_ps_replicas': 0, '_task_type': 'worker', '_num_worker_replicas': 1, '_task_id': 0, '_model_dir': './model/saved_model/model_2000', '_tf_random_seed': None, '_save_summary_steps': 100, '_session_config': None, '_save_checkpoints_secs': 600, '_is_chief': True}
2018-07-20 13:49:34,201 - tf_logging.py[line:82] - INFO: Create CheckpointSaverHook.
2018-07-20 13:49:43,466 - tf_logging.py[line:82] - INFO: Saving checkpoints for 1 into ./model/saved_model/model_2000\model.ckpt.
2018-07-20 13:49:46,277 - tf_logging.py[line:82] - INFO: loss = 1.3866837, step = 1
2018-07-20 13:49:46,277 - tf_logging.py[line:82] - INFO: global_step = 1, lr = 0.0005
2018-07-20 13:50:00,659 - tf_logging.py[line:82] - INFO: global_step/sec: 6.95313
2018-07-20 13:50:00,674 - tf_logging.py[line:82] - INFO: loss = 1.1876197, step = 101 (14.398 sec)
2018-07-20 13:50:00,674 - tf_logging.py[line:82] - INFO: global_step = 101, lr = 0.0004974419 (14.398 sec)
2018-07-20 13:50:14,918 - tf_logging.py[line:82] - INFO: Saving checkpoints for 200 into ./model/saved_model/model_2000\model.ckpt.
2018-07-20 13:50:17,121 - tf_logging.py[line:82] - INFO: Loss for final step: 1.3323885.
2018-07-20 13:50:19,593 - tf_logging.py[line:82] - INFO: Create CheckpointSaverHook.
2018-07-20 13:50:19,978 - tf_logging.py[line:82] - INFO: Restoring parameters from ./model/saved_model/model_2000\model.ckpt-200
2018-07-20 13:50:26,175 - tf_logging.py[line:82] - INFO: Saving checkpoints for 201 into ./model/saved_model/model_2000\model.ckpt.
2018-07-20 13:50:28,534 - tf_logging.py[line:82] - INFO: loss = 1.1914071, step = 201
2018-07-20 13:50:28,534 - tf_logging.py[line:82] - INFO: global_step = 201, lr = 0.0004948969
2018-07-20 13:50:43,042 - tf_logging.py[line:82] - INFO: global_step/sec: 6.88533
2018-07-20 13:50:43,042 - tf_logging.py[line:82] - INFO: loss = 1.3426003, step = 301 (14.508 sec)
2018-07-20 13:50:43,042 - tf_logging.py[line:82] - INFO: global_step = 301, lr = 0.0004923649 (14.508 sec)
2018-07-20 13:50:57,061 - tf_logging.py[line:82] - INFO: Saving checkpoints for 400 into ./model/saved_model/model_2000\model.ckpt.
2018-07-20 13:50:59,319 - tf_logging.py[line:82] - INFO: Loss for final step: 1.2212292.
2018-07-20 13:50:59,319 - main.py[line:29] - INFO: evaluating model on 2000 data samples....
2018-07-20 13:51:01,645 - tf_logging.py[line:82] - INFO: Starting evaluation at 2018-07-20-12:51:01
2018-07-20 13:51:02,056 - tf_logging.py[line:82] - INFO: Restoring parameters from ./model/saved_model/model_2000\model.ckpt-400
2018-07-20 13:51:04,962 - tf_logging.py[line:82] - INFO: Finished evaluation at 2018-07-20-12:51:04
2018-07-20 13:51:04,962 - tf_logging.py[line:82] - INFO: Saving dict for global step 400: accuracy = 0.534375, confusion_matrix = [[60 24  6  0]
 [35 85 15  0]
 [22 24 26  0]
 [ 9  5  9  0]], global_step = 400, loss = 1.2195264
2018-07-20 13:51:08,090 - tf_logging.py[line:86] - WARNING: Skipping summary for confusion_matrix, must be a float, np.float32, np.int64, np.int32 or int.
2018-07-20 13:51:08,153 - main.py[line:31] - INFO: Val set accuracy: 0.534

2018-07-20 13:51:08,153 - tf_logging.py[line:82] - INFO: Using config: {'_save_checkpoints_steps': None, '_keep_checkpoint_max': 1, '_log_step_count_steps': 100, '_cluster_spec': <tensorflow.python.training.server_lib.ClusterSpec object at 0x0000018284C45E10>, '_master': '', '_service': None, '_keep_checkpoint_every_n_hours': 10000, '_num_ps_replicas': 0, '_task_type': 'worker', '_num_worker_replicas': 1, '_task_id': 0, '_model_dir': './model/saved_model/model_3000', '_tf_random_seed': None, '_save_summary_steps': 100, '_session_config': None, '_save_checkpoints_secs': 600, '_is_chief': True}
2018-07-20 13:51:10,384 - tf_logging.py[line:82] - INFO: Create CheckpointSaverHook.
2018-07-20 13:51:19,467 - tf_logging.py[line:82] - INFO: Saving checkpoints for 1 into ./model/saved_model/model_3000\model.ckpt.
2018-07-20 13:51:21,795 - tf_logging.py[line:82] - INFO: loss = 1.386764, step = 1
2018-07-20 13:51:21,795 - tf_logging.py[line:82] - INFO: global_step = 1, lr = 0.0005
2018-07-20 13:51:36,184 - tf_logging.py[line:82] - INFO: global_step/sec: 6.94978
2018-07-20 13:51:36,184 - tf_logging.py[line:82] - INFO: loss = 1.1884152, step = 101 (14.389 sec)
2018-07-20 13:51:36,184 - tf_logging.py[line:82] - INFO: global_step = 101, lr = 0.0004974419 (14.389 sec)
2018-07-20 13:51:50,327 - tf_logging.py[line:82] - INFO: global_step/sec: 7.07069
2018-07-20 13:51:50,328 - tf_logging.py[line:82] - INFO: loss = 1.3120173, step = 201 (14.144 sec)
2018-07-20 13:51:50,329 - tf_logging.py[line:82] - INFO: global_step = 201, lr = 0.0004948969 (14.145 sec)
2018-07-20 13:52:04,542 - tf_logging.py[line:82] - INFO: Saving checkpoints for 300 into ./model/saved_model/model_3000\model.ckpt.
2018-07-20 13:52:07,000 - tf_logging.py[line:82] - INFO: Loss for final step: 1.1812989.
2018-07-20 13:52:09,266 - tf_logging.py[line:82] - INFO: Create CheckpointSaverHook.
2018-07-20 13:52:09,656 - tf_logging.py[line:82] - INFO: Restoring parameters from ./model/saved_model/model_3000\model.ckpt-300
2018-07-20 13:52:15,603 - tf_logging.py[line:82] - INFO: Saving checkpoints for 301 into ./model/saved_model/model_3000\model.ckpt.
2018-07-20 13:52:18,021 - tf_logging.py[line:82] - INFO: loss = 1.1092592, step = 301
2018-07-20 13:52:18,021 - tf_logging.py[line:82] - INFO: global_step = 301, lr = 0.0004923649
2018-07-20 13:52:32,459 - tf_logging.py[line:82] - INFO: global_step/sec: 6.92607
2018-07-20 13:52:32,460 - tf_logging.py[line:82] - INFO: loss = 1.1462172, step = 401 (14.439 sec)
2018-07-20 13:52:32,461 - tf_logging.py[line:82] - INFO: global_step = 401, lr = 0.0004898459 (14.440 sec)
