2018-06-27 21:18:02,328 - main.py[line:46] - INFO: words index loaded...
2018-06-27 21:18:02,328 - tf_logging.py[line:82] - INFO: Using config: {'_save_summary_steps': 100, '_session_config': None, '_model_dir': './model/saved_model/model_1000', '_keep_checkpoint_every_n_hours': 10000, '_num_worker_replicas': 1, '_log_step_count_steps': 100, '_save_checkpoints_secs': 600, '_save_checkpoints_steps': None, '_service': None, '_tf_random_seed': None, '_task_id': 0, '_task_type': 'worker', '_cluster_spec': <tensorflow.python.training.server_lib.ClusterSpec object at 0x000001C6DAECB470>, '_num_ps_replicas': 0, '_master': '', '_is_chief': True, '_keep_checkpoint_max': 1}
2018-06-27 21:18:04,642 - tf_logging.py[line:82] - INFO: Create CheckpointSaverHook.
2018-06-27 21:18:15,302 - tf_logging.py[line:82] - INFO: Saving checkpoints for 1 into ./model/saved_model/model_1000\model.ckpt.
2018-06-27 21:18:17,276 - tf_logging.py[line:82] - INFO: loss = 1.3865846, step = 1
2018-06-27 21:18:17,276 - tf_logging.py[line:82] - INFO: global_step = 1, lr = 0.0005
2018-06-27 21:18:28,293 - tf_logging.py[line:82] - INFO: Saving checkpoints for 100 into ./model/saved_model/model_1000\model.ckpt.
2018-06-27 21:18:30,327 - tf_logging.py[line:82] - INFO: Loss for final step: 1.4796382.
2018-06-27 21:18:32,065 - tf_logging.py[line:82] - INFO: Create CheckpointSaverHook.
2018-06-27 21:18:32,376 - tf_logging.py[line:82] - INFO: Restoring parameters from ./model/saved_model/model_1000\model.ckpt-100
2018-06-27 21:18:37,588 - tf_logging.py[line:82] - INFO: Saving checkpoints for 101 into ./model/saved_model/model_1000\model.ckpt.
2018-06-27 21:18:39,569 - tf_logging.py[line:82] - INFO: loss = 1.2426945, step = 101
2018-06-27 21:18:39,569 - tf_logging.py[line:82] - INFO: global_step = 101, lr = 0.0004974419
2018-06-27 21:18:50,215 - tf_logging.py[line:82] - INFO: Saving checkpoints for 200 into ./model/saved_model/model_1000\model.ckpt.
2018-06-27 21:18:52,227 - tf_logging.py[line:82] - INFO: Loss for final step: 1.4439225.
2018-06-27 21:18:54,112 - tf_logging.py[line:82] - INFO: Create CheckpointSaverHook.
2018-06-27 21:18:54,545 - tf_logging.py[line:82] - INFO: Restoring parameters from ./model/saved_model/model_1000\model.ckpt-200
2018-06-27 21:18:59,542 - tf_logging.py[line:82] - INFO: Saving checkpoints for 201 into ./model/saved_model/model_1000\model.ckpt.
2018-06-27 21:19:01,583 - tf_logging.py[line:82] - INFO: loss = 1.2596768, step = 201
2018-06-27 21:19:01,583 - tf_logging.py[line:82] - INFO: global_step = 201, lr = 0.0004948969
2018-06-27 21:19:12,339 - tf_logging.py[line:82] - INFO: Saving checkpoints for 300 into ./model/saved_model/model_1000\model.ckpt.
2018-06-27 21:19:14,296 - tf_logging.py[line:82] - INFO: Loss for final step: 1.0804712.
2018-06-27 21:19:16,337 - tf_logging.py[line:82] - INFO: Create CheckpointSaverHook.
2018-06-27 21:19:16,676 - tf_logging.py[line:82] - INFO: Restoring parameters from ./model/saved_model/model_1000\model.ckpt-300
2018-06-27 21:19:21,690 - tf_logging.py[line:82] - INFO: Saving checkpoints for 301 into ./model/saved_model/model_1000\model.ckpt.
2018-06-27 21:19:23,747 - tf_logging.py[line:82] - INFO: loss = 1.2438112, step = 301
2018-06-27 21:19:23,747 - tf_logging.py[line:82] - INFO: global_step = 301, lr = 0.0004923649
2018-06-27 21:19:34,404 - tf_logging.py[line:82] - INFO: Saving checkpoints for 400 into ./model/saved_model/model_1000\model.ckpt.
2018-06-27 21:19:36,608 - tf_logging.py[line:82] - INFO: Loss for final step: 1.128409.
2018-06-27 21:19:38,431 - tf_logging.py[line:82] - INFO: Create CheckpointSaverHook.
2018-06-27 21:19:38,921 - tf_logging.py[line:82] - INFO: Restoring parameters from ./model/saved_model/model_1000\model.ckpt-400
2018-06-27 21:19:44,089 - tf_logging.py[line:82] - INFO: Saving checkpoints for 401 into ./model/saved_model/model_1000\model.ckpt.
2018-06-27 21:19:46,084 - tf_logging.py[line:82] - INFO: loss = 1.1179278, step = 401
2018-06-27 21:19:46,084 - tf_logging.py[line:82] - INFO: global_step = 401, lr = 0.0004898459
2018-06-27 21:19:56,783 - tf_logging.py[line:82] - INFO: Saving checkpoints for 500 into ./model/saved_model/model_1000\model.ckpt.
2018-06-27 21:19:58,714 - tf_logging.py[line:82] - INFO: Loss for final step: 1.1146723.
2018-06-27 21:19:58,714 - main.py[line:29] - INFO: evaluating model on 1000 data samples....
2018-06-27 21:20:00,681 - tf_logging.py[line:82] - INFO: Starting evaluation at 2018-06-27-20:20:00
2018-06-27 21:20:01,027 - tf_logging.py[line:82] - INFO: Restoring parameters from ./model/saved_model/model_1000\model.ckpt-500
2018-06-27 21:20:03,452 - tf_logging.py[line:82] - INFO: Finished evaluation at 2018-06-27-20:20:03
2018-06-27 21:20:03,452 - tf_logging.py[line:82] - INFO: Saving dict for global step 500: accuracy = 0.571875, confusion_matrix = [[65 18  7  0]
 [30 82 23  0]
 [ 8 28 36  0]
 [ 0  6 17  0]], global_step = 500, loss = 1.1649652
2018-06-27 21:20:06,136 - tf_logging.py[line:86] - WARNING: Skipping summary for confusion_matrix, must be a float, np.float32, np.int64, np.int32 or int.
2018-06-27 21:20:06,199 - main.py[line:31] - INFO: Val set accuracy: 0.572

2018-06-27 21:20:06,199 - tf_logging.py[line:82] - INFO: Using config: {'_save_summary_steps': 100, '_session_config': None, '_model_dir': './model/saved_model/model_2000', '_keep_checkpoint_every_n_hours': 10000, '_num_worker_replicas': 1, '_log_step_count_steps': 100, '_save_checkpoints_secs': 600, '_save_checkpoints_steps': None, '_service': None, '_tf_random_seed': None, '_task_id': 0, '_task_type': 'worker', '_cluster_spec': <tensorflow.python.training.server_lib.ClusterSpec object at 0x000001C6D23DBBA8>, '_num_ps_replicas': 0, '_master': '', '_is_chief': True, '_keep_checkpoint_max': 1}
2018-06-27 21:20:08,215 - tf_logging.py[line:82] - INFO: Create CheckpointSaverHook.
