2018-06-27 21:26:51,803 - main.py[line:49] - INFO: words index loaded...
2018-06-27 21:26:51,819 - tf_logging.py[line:82] - INFO: Using config: {'_task_id': 0, '_service': None, '_save_checkpoints_steps': None, '_is_chief': True, '_num_ps_replicas': 0, '_session_config': None, '_num_worker_replicas': 1, '_keep_checkpoint_max': 1, '_log_step_count_steps': 100, '_task_type': 'worker', '_cluster_spec': <tensorflow.python.training.server_lib.ClusterSpec object at 0x00000228C0978470>, '_save_summary_steps': 100, '_save_checkpoints_secs': 600, '_model_dir': './model/saved_model/model_1000', '_keep_checkpoint_every_n_hours': 10000, '_master': '', '_tf_random_seed': None}
2018-06-27 21:26:54,196 - tf_logging.py[line:82] - INFO: Create CheckpointSaverHook.
2018-06-27 21:27:05,143 - tf_logging.py[line:82] - INFO: Saving checkpoints for 1 into ./model/saved_model/model_1000\model.ckpt.
2018-06-27 21:27:07,189 - tf_logging.py[line:82] - INFO: loss = 1.3867385, step = 1
2018-06-27 21:27:07,189 - tf_logging.py[line:82] - INFO: lr = 0.0005, global_step = 1
2018-06-27 21:27:18,374 - tf_logging.py[line:82] - INFO: Saving checkpoints for 100 into ./model/saved_model/model_1000\model.ckpt.
2018-06-27 21:27:20,403 - tf_logging.py[line:82] - INFO: Loss for final step: 1.4773632.
2018-06-27 21:27:22,244 - tf_logging.py[line:82] - INFO: Create CheckpointSaverHook.
2018-06-27 21:27:22,654 - tf_logging.py[line:82] - INFO: Restoring parameters from ./model/saved_model/model_1000\model.ckpt-100
2018-06-27 21:27:28,174 - tf_logging.py[line:82] - INFO: Saving checkpoints for 101 into ./model/saved_model/model_1000\model.ckpt.
2018-06-27 21:27:30,252 - tf_logging.py[line:82] - INFO: loss = 1.2258006, step = 101
2018-06-27 21:27:30,252 - tf_logging.py[line:82] - INFO: lr = 0.0004974419, global_step = 101
2018-06-27 21:27:40,910 - tf_logging.py[line:82] - INFO: Saving checkpoints for 200 into ./model/saved_model/model_1000\model.ckpt.
2018-06-27 21:27:42,890 - tf_logging.py[line:82] - INFO: Loss for final step: 1.2626976.
2018-06-27 21:27:44,990 - tf_logging.py[line:82] - INFO: Create CheckpointSaverHook.
2018-06-27 21:27:45,332 - tf_logging.py[line:82] - INFO: Restoring parameters from ./model/saved_model/model_1000\model.ckpt-200
2018-06-27 21:27:50,398 - tf_logging.py[line:82] - INFO: Saving checkpoints for 201 into ./model/saved_model/model_1000\model.ckpt.
2018-06-27 21:27:52,309 - tf_logging.py[line:82] - INFO: loss = 1.0962377, step = 201
2018-06-27 21:27:52,309 - tf_logging.py[line:82] - INFO: lr = 0.0004948969, global_step = 201
2018-06-27 21:28:02,896 - tf_logging.py[line:82] - INFO: Saving checkpoints for 300 into ./model/saved_model/model_1000\model.ckpt.
2018-06-27 21:28:05,036 - tf_logging.py[line:82] - INFO: Loss for final step: 1.0563027.
2018-06-27 21:28:06,813 - tf_logging.py[line:82] - INFO: Create CheckpointSaverHook.
2018-06-27 21:28:07,360 - tf_logging.py[line:82] - INFO: Restoring parameters from ./model/saved_model/model_1000\model.ckpt-300
2018-06-27 21:28:12,656 - tf_logging.py[line:82] - INFO: Saving checkpoints for 301 into ./model/saved_model/model_1000\model.ckpt.
2018-06-27 21:28:14,849 - tf_logging.py[line:82] - INFO: loss = 1.1642454, step = 301
2018-06-27 21:28:14,849 - tf_logging.py[line:82] - INFO: lr = 0.0004923649, global_step = 301
2018-06-27 21:28:25,970 - tf_logging.py[line:82] - INFO: Saving checkpoints for 400 into ./model/saved_model/model_1000\model.ckpt.
2018-06-27 21:28:28,126 - tf_logging.py[line:82] - INFO: Loss for final step: 1.2258519.
2018-06-27 21:28:30,114 - tf_logging.py[line:82] - INFO: Create CheckpointSaverHook.
2018-06-27 21:28:30,672 - tf_logging.py[line:82] - INFO: Restoring parameters from ./model/saved_model/model_1000\model.ckpt-400
2018-06-27 21:28:35,741 - tf_logging.py[line:82] - INFO: Saving checkpoints for 401 into ./model/saved_model/model_1000\model.ckpt.
2018-06-27 21:28:37,752 - tf_logging.py[line:82] - INFO: loss = 1.1318058, step = 401
2018-06-27 21:28:37,752 - tf_logging.py[line:82] - INFO: lr = 0.0004898459, global_step = 401
2018-06-27 21:28:48,842 - tf_logging.py[line:82] - INFO: Saving checkpoints for 500 into ./model/saved_model/model_1000\model.ckpt.
2018-06-27 21:28:50,919 - tf_logging.py[line:82] - INFO: Loss for final step: 1.1956253.
2018-06-27 21:28:50,919 - main.py[line:29] - INFO: evaluating model on 1000 data samples....
2018-06-27 21:28:53,142 - tf_logging.py[line:82] - INFO: Starting evaluation at 2018-06-27-20:28:53
2018-06-27 21:28:53,538 - tf_logging.py[line:82] - INFO: Restoring parameters from ./model/saved_model/model_1000\model.ckpt-500
2018-06-27 21:28:56,037 - tf_logging.py[line:82] - INFO: Finished evaluation at 2018-06-27-20:28:56
2018-06-27 21:28:56,037 - tf_logging.py[line:82] - INFO: Saving dict for global step 500: accuracy = 0.55625, confusion_matrix = [[53 35  2  0]
 [18 98 19  0]
 [10 35 27  0]
 [ 2  5 16  0]], global_step = 500, loss = 1.1863339
2018-06-27 21:28:59,150 - tf_logging.py[line:86] - WARNING: Skipping summary for confusion_matrix, must be a float, np.float32, np.int64, np.int32 or int.
2018-06-27 21:28:59,197 - main.py[line:31] - INFO: Val set accuracy: 0.556

2018-06-27 21:28:59,197 - tf_logging.py[line:82] - INFO: Using config: {'_task_id': 0, '_service': None, '_save_checkpoints_steps': None, '_is_chief': True, '_num_ps_replicas': 0, '_session_config': None, '_num_worker_replicas': 1, '_keep_checkpoint_max': 1, '_log_step_count_steps': 100, '_task_type': 'worker', '_cluster_spec': <tensorflow.python.training.server_lib.ClusterSpec object at 0x00000228B7E8CBE0>, '_save_summary_steps': 100, '_save_checkpoints_secs': 600, '_model_dir': './model/saved_model/model_2000', '_keep_checkpoint_every_n_hours': 10000, '_master': '', '_tf_random_seed': None}
2018-06-27 21:29:01,147 - tf_logging.py[line:82] - INFO: Create CheckpointSaverHook.
2018-06-27 21:29:09,337 - tf_logging.py[line:82] - INFO: Saving checkpoints for 1 into ./model/saved_model/model_2000\model.ckpt.
2018-06-27 21:29:11,410 - tf_logging.py[line:82] - INFO: loss = 1.386622, step = 1
2018-06-27 21:29:11,410 - tf_logging.py[line:82] - INFO: lr = 0.0005, global_step = 1
2018-06-27 21:29:22,453 - tf_logging.py[line:82] - INFO: global_step/sec: 9.05577
2018-06-27 21:29:22,468 - tf_logging.py[line:82] - INFO: loss = 1.1946572, step = 101 (11.058 sec)
2018-06-27 21:29:22,468 - tf_logging.py[line:82] - INFO: lr = 0.0004974419, global_step = 101 (11.058 sec)
2018-06-27 21:29:33,024 - tf_logging.py[line:82] - INFO: Saving checkpoints for 200 into ./model/saved_model/model_2000\model.ckpt.
2018-06-27 21:29:35,064 - tf_logging.py[line:82] - INFO: Loss for final step: 1.3641645.
2018-06-27 21:29:36,835 - tf_logging.py[line:82] - INFO: Create CheckpointSaverHook.
2018-06-27 21:29:37,321 - tf_logging.py[line:82] - INFO: Restoring parameters from ./model/saved_model/model_2000\model.ckpt-200
2018-06-27 21:29:42,559 - tf_logging.py[line:82] - INFO: Saving checkpoints for 201 into ./model/saved_model/model_2000\model.ckpt.
2018-06-27 21:29:44,646 - tf_logging.py[line:82] - INFO: loss = 1.1316056, step = 201
2018-06-27 21:29:44,646 - tf_logging.py[line:82] - INFO: lr = 0.0004948969, global_step = 201
2018-06-27 21:29:56,087 - tf_logging.py[line:82] - INFO: global_step/sec: 8.74016
2018-06-27 21:29:56,103 - tf_logging.py[line:82] - INFO: loss = 1.2510012, step = 301 (11.457 sec)
2018-06-27 21:29:56,103 - tf_logging.py[line:82] - INFO: lr = 0.0004923649, global_step = 301 (11.457 sec)
2018-06-27 21:30:06,733 - tf_logging.py[line:82] - INFO: Saving checkpoints for 400 into ./model/saved_model/model_2000\model.ckpt.
2018-06-27 21:30:08,854 - tf_logging.py[line:82] - INFO: Loss for final step: 1.1331626.
2018-06-27 21:30:10,888 - tf_logging.py[line:82] - INFO: Create CheckpointSaverHook.
2018-06-27 21:30:11,258 - tf_logging.py[line:82] - INFO: Restoring parameters from ./model/saved_model/model_2000\model.ckpt-400
2018-06-27 21:30:16,511 - tf_logging.py[line:82] - INFO: Saving checkpoints for 401 into ./model/saved_model/model_2000\model.ckpt.
2018-06-27 21:30:18,523 - tf_logging.py[line:82] - INFO: loss = 1.1542678, step = 401
2018-06-27 21:30:18,524 - tf_logging.py[line:82] - INFO: lr = 0.0004898459, global_step = 401
2018-06-27 21:30:29,707 - tf_logging.py[line:82] - INFO: global_step/sec: 8.93937
2018-06-27 21:30:29,710 - tf_logging.py[line:82] - INFO: loss = 1.2764523, step = 501 (11.187 sec)
2018-06-27 21:30:29,710 - tf_logging.py[line:82] - INFO: lr = 0.0004873397, global_step = 501 (11.186 sec)
2018-06-27 21:30:40,235 - tf_logging.py[line:82] - INFO: Saving checkpoints for 600 into ./model/saved_model/model_2000\model.ckpt.
2018-06-27 21:30:42,283 - tf_logging.py[line:82] - INFO: Loss for final step: 1.1437627.
2018-06-27 21:30:44,267 - tf_logging.py[line:82] - INFO: Create CheckpointSaverHook.
2018-06-27 21:30:44,784 - tf_logging.py[line:82] - INFO: Restoring parameters from ./model/saved_model/model_2000\model.ckpt-600
2018-06-27 21:30:49,788 - tf_logging.py[line:82] - INFO: Saving checkpoints for 601 into ./model/saved_model/model_2000\model.ckpt.
2018-06-27 21:30:51,844 - tf_logging.py[line:82] - INFO: loss = 1.1495869, step = 601
2018-06-27 21:30:51,844 - tf_logging.py[line:82] - INFO: lr = 0.0004848464, global_step = 601
2018-06-27 21:31:02,778 - tf_logging.py[line:82] - INFO: global_step/sec: 9.14622
2018-06-27 21:31:02,824 - tf_logging.py[line:82] - INFO: loss = 1.4426229, step = 701 (10.980 sec)
2018-06-27 21:31:02,824 - tf_logging.py[line:82] - INFO: lr = 0.00048236584, global_step = 701 (10.980 sec)
2018-06-27 21:31:13,500 - tf_logging.py[line:82] - INFO: Saving checkpoints for 800 into ./model/saved_model/model_2000\model.ckpt.
2018-06-27 21:31:15,562 - tf_logging.py[line:82] - INFO: Loss for final step: 1.1440747.
2018-06-27 21:31:17,288 - tf_logging.py[line:82] - INFO: Create CheckpointSaverHook.
2018-06-27 21:31:17,799 - tf_logging.py[line:82] - INFO: Restoring parameters from ./model/saved_model/model_2000\model.ckpt-800
2018-06-27 21:31:23,023 - tf_logging.py[line:82] - INFO: Saving checkpoints for 801 into ./model/saved_model/model_2000\model.ckpt.
2018-06-27 21:31:25,042 - tf_logging.py[line:82] - INFO: loss = 0.9528035, step = 801
2018-06-27 21:31:25,042 - tf_logging.py[line:82] - INFO: lr = 0.00047989798, global_step = 801
2018-06-27 21:31:35,603 - tf_logging.py[line:82] - INFO: global_step/sec: 9.46902
2018-06-27 21:31:35,603 - tf_logging.py[line:82] - INFO: loss = 1.2493576, step = 901 (10.561 sec)
2018-06-27 21:31:35,603 - tf_logging.py[line:82] - INFO: lr = 0.0004774427, global_step = 901 (10.561 sec)
2018-06-27 21:31:46,084 - tf_logging.py[line:82] - INFO: Saving checkpoints for 1000 into ./model/saved_model/model_2000\model.ckpt.
2018-06-27 21:31:48,218 - tf_logging.py[line:82] - INFO: Loss for final step: 1.0447485.
2018-06-27 21:31:48,218 - main.py[line:29] - INFO: evaluating model on 2000 data samples....
2018-06-27 21:31:50,024 - tf_logging.py[line:82] - INFO: Starting evaluation at 2018-06-27-20:31:50
2018-06-27 21:31:50,349 - tf_logging.py[line:82] - INFO: Restoring parameters from ./model/saved_model/model_2000\model.ckpt-1000
2018-06-27 21:31:52,980 - tf_logging.py[line:82] - INFO: Finished evaluation at 2018-06-27-20:31:52
2018-06-27 21:31:52,980 - tf_logging.py[line:82] - INFO: Saving dict for global step 1000: accuracy = 0.59375, confusion_matrix = [[69 10 11  0]
 [17 71 47  0]
 [ 1 21 50  0]
 [ 1  5 17  0]], global_step = 1000, loss = 1.1485558
2018-06-27 21:31:55,805 - tf_logging.py[line:86] - WARNING: Skipping summary for confusion_matrix, must be a float, np.float32, np.int64, np.int32 or int.
2018-06-27 21:31:55,868 - main.py[line:31] - INFO: Val set accuracy: 0.594

2018-06-27 21:31:55,868 - tf_logging.py[line:82] - INFO: Using config: {'_task_id': 0, '_service': None, '_save_checkpoints_steps': None, '_is_chief': True, '_num_ps_replicas': 0, '_session_config': None, '_num_worker_replicas': 1, '_keep_checkpoint_max': 1, '_log_step_count_steps': 100, '_task_type': 'worker', '_cluster_spec': <tensorflow.python.training.server_lib.ClusterSpec object at 0x00000228C09160F0>, '_save_summary_steps': 100, '_save_checkpoints_secs': 600, '_model_dir': './model/saved_model/model_3000', '_keep_checkpoint_every_n_hours': 10000, '_master': '', '_tf_random_seed': None}
2018-06-27 21:31:57,847 - tf_logging.py[line:82] - INFO: Create CheckpointSaverHook.
2018-06-27 21:32:05,791 - tf_logging.py[line:82] - INFO: Saving checkpoints for 1 into ./model/saved_model/model_3000\model.ckpt.
2018-06-27 21:32:07,757 - tf_logging.py[line:82] - INFO: loss = 1.3867558, step = 1
2018-06-27 21:32:07,757 - tf_logging.py[line:82] - INFO: lr = 0.0005, global_step = 1
2018-06-27 21:32:18,685 - tf_logging.py[line:82] - INFO: global_step/sec: 9.13728
2018-06-27 21:32:18,701 - tf_logging.py[line:82] - INFO: loss = 1.193414, step = 101 (10.944 sec)
2018-06-27 21:32:18,701 - tf_logging.py[line:82] - INFO: lr = 0.0004974419, global_step = 101 (10.944 sec)
2018-06-27 21:32:29,392 - tf_logging.py[line:82] - INFO: global_step/sec: 9.33988
2018-06-27 21:32:29,392 - tf_logging.py[line:82] - INFO: loss = 1.2425195, step = 201 (10.691 sec)
2018-06-27 21:32:29,392 - tf_logging.py[line:82] - INFO: lr = 0.0004948969, global_step = 201 (10.691 sec)
2018-06-27 21:32:39,773 - tf_logging.py[line:82] - INFO: Saving checkpoints for 300 into ./model/saved_model/model_3000\model.ckpt.
2018-06-27 21:32:41,972 - tf_logging.py[line:82] - INFO: Loss for final step: 1.186691.
2018-06-27 21:32:44,029 - tf_logging.py[line:82] - INFO: Create CheckpointSaverHook.
2018-06-27 21:32:44,395 - tf_logging.py[line:82] - INFO: Restoring parameters from ./model/saved_model/model_3000\model.ckpt-300
2018-06-27 21:32:49,601 - tf_logging.py[line:82] - INFO: Saving checkpoints for 301 into ./model/saved_model/model_3000\model.ckpt.
2018-06-27 21:32:51,651 - tf_logging.py[line:82] - INFO: loss = 1.2852869, step = 301
2018-06-27 21:32:51,651 - tf_logging.py[line:82] - INFO: lr = 0.0004923649, global_step = 301
2018-06-27 21:33:03,039 - tf_logging.py[line:82] - INFO: global_step/sec: 8.781
2018-06-27 21:33:03,055 - tf_logging.py[line:82] - INFO: loss = 1.3559339, step = 401 (11.404 sec)
2018-06-27 21:33:03,055 - tf_logging.py[line:82] - INFO: lr = 0.0004898459, global_step = 401 (11.404 sec)
2018-06-27 21:33:14,102 - tf_logging.py[line:82] - INFO: global_step/sec: 9.0396
2018-06-27 21:33:14,102 - tf_logging.py[line:82] - INFO: loss = 1.2757837, step = 501 (11.047 sec)
2018-06-27 21:33:14,102 - tf_logging.py[line:82] - INFO: lr = 0.0004873397, global_step = 501 (11.047 sec)
2018-06-27 21:33:25,342 - tf_logging.py[line:82] - INFO: Saving checkpoints for 600 into ./model/saved_model/model_3000\model.ckpt.
2018-06-27 21:33:27,367 - tf_logging.py[line:82] - INFO: Loss for final step: 1.1803744.
2018-06-27 21:33:29,464 - tf_logging.py[line:82] - INFO: Create CheckpointSaverHook.
2018-06-27 21:33:29,771 - tf_logging.py[line:82] - INFO: Restoring parameters from ./model/saved_model/model_3000\model.ckpt-600
2018-06-27 21:33:34,885 - tf_logging.py[line:82] - INFO: Saving checkpoints for 601 into ./model/saved_model/model_3000\model.ckpt.
2018-06-27 21:33:36,908 - tf_logging.py[line:82] - INFO: loss = 1.315691, step = 601
2018-06-27 21:33:36,908 - tf_logging.py[line:82] - INFO: lr = 0.0004848464, global_step = 601
2018-06-27 21:33:47,944 - tf_logging.py[line:82] - INFO: global_step/sec: 9.04834
2018-06-27 21:33:47,944 - tf_logging.py[line:82] - INFO: loss = 1.34674, step = 701 (11.036 sec)
2018-06-27 21:33:47,944 - tf_logging.py[line:82] - INFO: lr = 0.00048236584, global_step = 701 (11.036 sec)
2018-06-27 21:33:58,534 - tf_logging.py[line:82] - INFO: global_step/sec: 9.44457
2018-06-27 21:33:58,536 - tf_logging.py[line:82] - INFO: loss = 1.2448831, step = 801 (10.591 sec)
2018-06-27 21:33:58,536 - tf_logging.py[line:82] - INFO: lr = 0.00047989798, global_step = 801 (10.591 sec)
2018-06-27 21:34:09,090 - tf_logging.py[line:82] - INFO: Saving checkpoints for 900 into ./model/saved_model/model_3000\model.ckpt.
2018-06-27 21:34:11,073 - tf_logging.py[line:82] - INFO: Loss for final step: 1.1706035.
2018-06-27 21:34:12,920 - tf_logging.py[line:82] - INFO: Create CheckpointSaverHook.
2018-06-27 21:34:13,422 - tf_logging.py[line:82] - INFO: Restoring parameters from ./model/saved_model/model_3000\model.ckpt-900
2018-06-27 21:34:18,583 - tf_logging.py[line:82] - INFO: Saving checkpoints for 901 into ./model/saved_model/model_3000\model.ckpt.
2018-06-27 21:34:20,502 - tf_logging.py[line:82] - INFO: loss = 1.2507763, step = 901
2018-06-27 21:34:20,502 - tf_logging.py[line:82] - INFO: lr = 0.0004774427, global_step = 901
2018-06-27 21:34:31,459 - tf_logging.py[line:82] - INFO: global_step/sec: 9.11504
2018-06-27 21:34:31,460 - tf_logging.py[line:82] - INFO: loss = 1.2431101, step = 1001 (10.958 sec)
2018-06-27 21:34:31,460 - tf_logging.py[line:82] - INFO: lr = 0.00047499998, global_step = 1001 (10.958 sec)
2018-06-27 21:34:42,177 - tf_logging.py[line:82] - INFO: global_step/sec: 9.32838
2018-06-27 21:34:42,193 - tf_logging.py[line:82] - INFO: loss = 1.242889, step = 1101 (10.733 sec)
2018-06-27 21:34:42,193 - tf_logging.py[line:82] - INFO: lr = 0.0004725698, global_step = 1101 (10.733 sec)
2018-06-27 21:34:52,908 - tf_logging.py[line:82] - INFO: Saving checkpoints for 1200 into ./model/saved_model/model_3000\model.ckpt.
2018-06-27 21:34:55,040 - tf_logging.py[line:82] - INFO: Loss for final step: 0.9416875.
2018-06-27 21:34:56,908 - tf_logging.py[line:82] - INFO: Create CheckpointSaverHook.
2018-06-27 21:34:57,436 - tf_logging.py[line:82] - INFO: Restoring parameters from ./model/saved_model/model_3000\model.ckpt-1200
2018-06-27 21:35:02,608 - tf_logging.py[line:82] - INFO: Saving checkpoints for 1201 into ./model/saved_model/model_3000\model.ckpt.
2018-06-27 21:35:04,545 - tf_logging.py[line:82] - INFO: loss = 0.9531115, step = 1201
2018-06-27 21:35:04,545 - tf_logging.py[line:82] - INFO: lr = 0.00047015207, global_step = 1201
2018-06-27 21:35:15,606 - tf_logging.py[line:82] - INFO: global_step/sec: 9.02823
2018-06-27 21:35:15,607 - tf_logging.py[line:82] - INFO: loss = 1.2239958, step = 1301 (11.062 sec)
2018-06-27 21:35:15,607 - tf_logging.py[line:82] - INFO: lr = 0.00046774666, global_step = 1301 (11.062 sec)
2018-06-27 21:35:26,056 - tf_logging.py[line:82] - INFO: global_step/sec: 9.56938
2018-06-27 21:35:26,056 - tf_logging.py[line:82] - INFO: loss = 1.1501672, step = 1401 (10.449 sec)
2018-06-27 21:35:26,056 - tf_logging.py[line:82] - INFO: lr = 0.0004653536, global_step = 1401 (10.449 sec)
2018-06-27 21:35:36,563 - tf_logging.py[line:82] - INFO: Saving checkpoints for 1500 into ./model/saved_model/model_3000\model.ckpt.
2018-06-27 21:35:38,561 - tf_logging.py[line:82] - INFO: Loss for final step: 1.1605624.
2018-06-27 21:35:38,561 - main.py[line:29] - INFO: evaluating model on 3000 data samples....
2018-06-27 21:35:40,459 - tf_logging.py[line:82] - INFO: Starting evaluation at 2018-06-27-20:35:40
2018-06-27 21:35:40,994 - tf_logging.py[line:82] - INFO: Restoring parameters from ./model/saved_model/model_3000\model.ckpt-1500
2018-06-27 21:35:43,405 - tf_logging.py[line:82] - INFO: Finished evaluation at 2018-06-27-20:35:43
2018-06-27 21:35:43,405 - tf_logging.py[line:82] - INFO: Saving dict for global step 1500: accuracy = 0.603125, confusion_matrix = [[66 14 10  0]
 [14 74 47  0]
 [ 2 17 53  0]
 [ 0  4 19  0]], global_step = 1500, loss = 1.1430931
2018-06-27 21:35:46,533 - tf_logging.py[line:86] - WARNING: Skipping summary for confusion_matrix, must be a float, np.float32, np.int64, np.int32 or int.
2018-06-27 21:35:46,551 - main.py[line:31] - INFO: Val set accuracy: 0.603

2018-06-27 21:35:46,551 - tf_logging.py[line:82] - INFO: Using config: {'_task_id': 0, '_service': None, '_save_checkpoints_steps': None, '_is_chief': True, '_num_ps_replicas': 0, '_session_config': None, '_num_worker_replicas': 1, '_keep_checkpoint_max': 1, '_log_step_count_steps': 100, '_task_type': 'worker', '_cluster_spec': <tensorflow.python.training.server_lib.ClusterSpec object at 0x0000022A1E43A630>, '_save_summary_steps': 100, '_save_checkpoints_secs': 600, '_model_dir': './model/saved_model/model_4000', '_keep_checkpoint_every_n_hours': 10000, '_master': '', '_tf_random_seed': None}
2018-06-27 21:35:48,629 - tf_logging.py[line:82] - INFO: Create CheckpointSaverHook.
2018-06-27 21:35:56,947 - tf_logging.py[line:82] - INFO: Saving checkpoints for 1 into ./model/saved_model/model_4000\model.ckpt.
2018-06-27 21:35:59,546 - tf_logging.py[line:82] - INFO: loss = 1.3867009, step = 1
2018-06-27 21:35:59,547 - tf_logging.py[line:82] - INFO: lr = 0.0005, global_step = 1
2018-06-27 21:36:10,505 - tf_logging.py[line:82] - INFO: global_step/sec: 9.12306
2018-06-27 21:36:10,522 - tf_logging.py[line:82] - INFO: loss = 1.1789502, step = 101 (10.977 sec)
2018-06-27 21:36:10,523 - tf_logging.py[line:82] - INFO: lr = 0.0004974419, global_step = 101 (10.977 sec)
2018-06-27 21:36:20,915 - tf_logging.py[line:82] - INFO: global_step/sec: 9.60577
2018-06-27 21:36:20,931 - tf_logging.py[line:82] - INFO: loss = 1.268307, step = 201 (10.409 sec)
2018-06-27 21:36:20,931 - tf_logging.py[line:82] - INFO: lr = 0.0004948969, global_step = 201 (10.408 sec)
2018-06-27 21:36:31,617 - tf_logging.py[line:82] - INFO: global_step/sec: 9.34455
2018-06-27 21:36:31,632 - tf_logging.py[line:82] - INFO: loss = 1.2257993, step = 301 (10.701 sec)
2018-06-27 21:36:31,632 - tf_logging.py[line:82] - INFO: lr = 0.0004923649, global_step = 301 (10.701 sec)
2018-06-27 21:36:42,538 - tf_logging.py[line:82] - INFO: Saving checkpoints for 400 into ./model/saved_model/model_4000\model.ckpt.
2018-06-27 21:36:44,596 - tf_logging.py[line:82] - INFO: Loss for final step: 1.3288813.
2018-06-27 21:36:46,527 - tf_logging.py[line:82] - INFO: Create CheckpointSaverHook.
2018-06-27 21:36:46,872 - tf_logging.py[line:82] - INFO: Restoring parameters from ./model/saved_model/model_4000\model.ckpt-400
2018-06-27 21:36:52,330 - tf_logging.py[line:82] - INFO: Saving checkpoints for 401 into ./model/saved_model/model_4000\model.ckpt.
2018-06-27 21:36:54,453 - tf_logging.py[line:82] - INFO: loss = 1.1182756, step = 401
2018-06-27 21:36:54,453 - tf_logging.py[line:82] - INFO: lr = 0.0004898459, global_step = 401
2018-06-27 21:37:05,520 - tf_logging.py[line:82] - INFO: global_step/sec: 9.02363
2018-06-27 21:37:05,521 - tf_logging.py[line:82] - INFO: loss = 1.3374529, step = 501 (11.068 sec)
2018-06-27 21:37:05,521 - tf_logging.py[line:82] - INFO: lr = 0.0004873397, global_step = 501 (11.068 sec)
2018-06-27 21:37:16,459 - tf_logging.py[line:82] - INFO: global_step/sec: 9.14116
2018-06-27 21:37:16,475 - tf_logging.py[line:82] - INFO: loss = 1.2502468, step = 601 (10.953 sec)
2018-06-27 21:37:16,475 - tf_logging.py[line:82] - INFO: lr = 0.0004848464, global_step = 601 (10.953 sec)
2018-06-27 21:37:27,635 - tf_logging.py[line:82] - INFO: global_step/sec: 8.94818
2018-06-27 21:37:27,635 - tf_logging.py[line:82] - INFO: loss = 0.94774663, step = 701 (11.160 sec)
2018-06-27 21:37:27,635 - tf_logging.py[line:82] - INFO: lr = 0.00048236584, global_step = 701 (11.160 sec)
2018-06-27 21:37:38,811 - tf_logging.py[line:82] - INFO: Saving checkpoints for 800 into ./model/saved_model/model_4000\model.ckpt.
2018-06-27 21:37:40,690 - tf_logging.py[line:82] - INFO: Loss for final step: 1.4856559.
2018-06-27 21:37:42,567 - tf_logging.py[line:82] - INFO: Create CheckpointSaverHook.
2018-06-27 21:37:42,896 - tf_logging.py[line:82] - INFO: Restoring parameters from ./model/saved_model/model_4000\model.ckpt-800
2018-06-27 21:37:47,986 - tf_logging.py[line:82] - INFO: Saving checkpoints for 801 into ./model/saved_model/model_4000\model.ckpt.
2018-06-27 21:37:49,953 - tf_logging.py[line:82] - INFO: loss = 1.0598407, step = 801
2018-06-27 21:37:49,953 - tf_logging.py[line:82] - INFO: lr = 0.00047989798, global_step = 801
2018-06-27 21:38:00,979 - tf_logging.py[line:82] - INFO: global_step/sec: 9.06935
2018-06-27 21:38:01,041 - tf_logging.py[line:82] - INFO: loss = 1.1450635, step = 901 (11.088 sec)
2018-06-27 21:38:01,042 - tf_logging.py[line:82] - INFO: lr = 0.0004774427, global_step = 901 (11.089 sec)
2018-06-27 21:38:11,973 - tf_logging.py[line:82] - INFO: global_step/sec: 9.09579
2018-06-27 21:38:11,989 - tf_logging.py[line:82] - INFO: loss = 1.2371825, step = 1001 (10.948 sec)
2018-06-27 21:38:11,989 - tf_logging.py[line:82] - INFO: lr = 0.00047499998, global_step = 1001 (10.947 sec)
2018-06-27 21:38:22,862 - tf_logging.py[line:82] - INFO: global_step/sec: 9.18342
2018-06-27 21:38:22,862 - tf_logging.py[line:82] - INFO: loss = 1.035254, step = 1101 (10.874 sec)
2018-06-27 21:38:22,862 - tf_logging.py[line:82] - INFO: lr = 0.0004725698, global_step = 1101 (10.874 sec)
2018-06-27 21:38:33,776 - tf_logging.py[line:82] - INFO: Saving checkpoints for 1200 into ./model/saved_model/model_4000\model.ckpt.
2018-06-27 21:38:35,919 - tf_logging.py[line:82] - INFO: Loss for final step: 1.2458358.
2018-06-27 21:38:37,784 - tf_logging.py[line:82] - INFO: Create CheckpointSaverHook.
2018-06-27 21:38:38,096 - tf_logging.py[line:82] - INFO: Restoring parameters from ./model/saved_model/model_4000\model.ckpt-1200
2018-06-27 21:38:43,504 - tf_logging.py[line:82] - INFO: Saving checkpoints for 1201 into ./model/saved_model/model_4000\model.ckpt.
2018-06-27 21:38:45,669 - tf_logging.py[line:82] - INFO: loss = 0.9497878, step = 1201
2018-06-27 21:38:45,669 - tf_logging.py[line:82] - INFO: lr = 0.00047015207, global_step = 1201
2018-06-27 21:38:56,798 - tf_logging.py[line:82] - INFO: global_step/sec: 8.98564
2018-06-27 21:38:56,798 - tf_logging.py[line:82] - INFO: loss = 1.1839696, step = 1301 (11.129 sec)
2018-06-27 21:38:56,798 - tf_logging.py[line:82] - INFO: lr = 0.00046774666, global_step = 1301 (11.129 sec)
2018-06-27 21:39:07,832 - tf_logging.py[line:82] - INFO: global_step/sec: 9.06313
2018-06-27 21:39:07,832 - tf_logging.py[line:82] - INFO: loss = 1.0866684, step = 1401 (11.034 sec)
2018-06-27 21:39:07,832 - tf_logging.py[line:82] - INFO: lr = 0.0004653536, global_step = 1401 (11.034 sec)
2018-06-27 21:39:18,442 - tf_logging.py[line:82] - INFO: global_step/sec: 9.4249
2018-06-27 21:39:18,442 - tf_logging.py[line:82] - INFO: loss = 0.9398074, step = 1501 (10.610 sec)
2018-06-27 21:39:18,442 - tf_logging.py[line:82] - INFO: lr = 0.00046297273, global_step = 1501 (10.610 sec)
2018-06-27 21:39:28,881 - tf_logging.py[line:82] - INFO: Saving checkpoints for 1600 into ./model/saved_model/model_4000\model.ckpt.
2018-06-27 21:39:30,804 - tf_logging.py[line:82] - INFO: Loss for final step: 1.2331349.
2018-06-27 21:39:32,643 - tf_logging.py[line:82] - INFO: Create CheckpointSaverHook.
2018-06-27 21:39:32,972 - tf_logging.py[line:82] - INFO: Restoring parameters from ./model/saved_model/model_4000\model.ckpt-1600
2018-06-27 21:39:38,082 - tf_logging.py[line:82] - INFO: Saving checkpoints for 1601 into ./model/saved_model/model_4000\model.ckpt.
2018-06-27 21:39:39,926 - tf_logging.py[line:82] - INFO: loss = 0.84978384, step = 1601
2018-06-27 21:39:39,926 - tf_logging.py[line:82] - INFO: lr = 0.00046060406, global_step = 1601
2018-06-27 21:39:50,888 - tf_logging.py[line:82] - INFO: global_step/sec: 9.10892
2018-06-27 21:39:50,904 - tf_logging.py[line:82] - INFO: loss = 1.2438343, step = 1701 (10.978 sec)
2018-06-27 21:39:50,904 - tf_logging.py[line:82] - INFO: lr = 0.00045824752, global_step = 1701 (10.978 sec)
2018-06-27 21:40:01,638 - tf_logging.py[line:82] - INFO: global_step/sec: 9.30289
2018-06-27 21:40:01,716 - tf_logging.py[line:82] - INFO: loss = 1.0448349, step = 1801 (10.812 sec)
2018-06-27 21:40:01,717 - tf_logging.py[line:82] - INFO: lr = 0.00045590306, global_step = 1801 (10.813 sec)
2018-06-27 21:40:12,244 - tf_logging.py[line:82] - INFO: global_step/sec: 9.42886
2018-06-27 21:40:12,244 - tf_logging.py[line:82] - INFO: loss = 1.02451, step = 1901 (10.528 sec)
2018-06-27 21:40:12,244 - tf_logging.py[line:82] - INFO: lr = 0.00045357057, global_step = 1901 (10.527 sec)
2018-06-27 21:40:22,720 - tf_logging.py[line:82] - INFO: Saving checkpoints for 2000 into ./model/saved_model/model_4000\model.ckpt.
2018-06-27 21:40:24,742 - tf_logging.py[line:82] - INFO: Loss for final step: 1.2405137.
2018-06-27 21:40:24,742 - main.py[line:29] - INFO: evaluating model on 4000 data samples....
2018-06-27 21:40:26,607 - tf_logging.py[line:82] - INFO: Starting evaluation at 2018-06-27-20:40:26
2018-06-27 21:40:27,044 - tf_logging.py[line:82] - INFO: Restoring parameters from ./model/saved_model/model_4000\model.ckpt-2000
2018-06-27 21:40:29,529 - tf_logging.py[line:82] - INFO: Finished evaluation at 2018-06-27-20:40:29
2018-06-27 21:40:29,529 - tf_logging.py[line:82] - INFO: Saving dict for global step 2000: accuracy = 0.63125, confusion_matrix = [[76 11  3  0]
 [23 88 24  0]
 [ 4 30 38  0]
 [ 2  5 16  0]], global_step = 2000, loss = 1.1151143
2018-06-27 21:40:32,477 - tf_logging.py[line:86] - WARNING: Skipping summary for confusion_matrix, must be a float, np.float32, np.int64, np.int32 or int.
2018-06-27 21:40:32,551 - main.py[line:31] - INFO: Val set accuracy: 0.631

2018-06-27 21:40:32,551 - tf_logging.py[line:82] - INFO: Using config: {'_task_id': 0, '_service': None, '_save_checkpoints_steps': None, '_is_chief': True, '_num_ps_replicas': 0, '_session_config': None, '_num_worker_replicas': 1, '_keep_checkpoint_max': 1, '_log_step_count_steps': 100, '_task_type': 'worker', '_cluster_spec': <tensorflow.python.training.server_lib.ClusterSpec object at 0x00000228C0969E48>, '_save_summary_steps': 100, '_save_checkpoints_secs': 600, '_model_dir': './model/saved_model/model_5000', '_keep_checkpoint_every_n_hours': 10000, '_master': '', '_tf_random_seed': None}
2018-06-27 21:40:34,340 - tf_logging.py[line:82] - INFO: Create CheckpointSaverHook.
2018-06-27 21:40:42,570 - tf_logging.py[line:82] - INFO: Saving checkpoints for 1 into ./model/saved_model/model_5000\model.ckpt.
2018-06-27 21:40:44,655 - tf_logging.py[line:82] - INFO: loss = 1.3870115, step = 1
2018-06-27 21:40:44,655 - tf_logging.py[line:82] - INFO: lr = 0.0005, global_step = 1
2018-06-27 21:40:55,739 - tf_logging.py[line:82] - INFO: global_step/sec: 9.02229
2018-06-27 21:40:55,740 - tf_logging.py[line:82] - INFO: loss = 1.2008705, step = 101 (11.085 sec)
2018-06-27 21:40:55,741 - tf_logging.py[line:82] - INFO: lr = 0.0004974419, global_step = 101 (11.086 sec)
2018-06-27 21:41:07,989 - tf_logging.py[line:82] - INFO: global_step/sec: 8.16314
2018-06-27 21:41:07,996 - tf_logging.py[line:82] - INFO: loss = 1.3270234, step = 201 (12.256 sec)
2018-06-27 21:41:07,997 - tf_logging.py[line:82] - INFO: lr = 0.0004948969, global_step = 201 (12.256 sec)
2018-06-27 21:41:20,043 - tf_logging.py[line:82] - INFO: global_step/sec: 8.29633
2018-06-27 21:41:20,045 - tf_logging.py[line:82] - INFO: loss = 1.0481591, step = 301 (12.049 sec)
2018-06-27 21:41:20,045 - tf_logging.py[line:82] - INFO: lr = 0.0004923649, global_step = 301 (12.048 sec)
2018-06-27 21:41:30,796 - tf_logging.py[line:82] - INFO: global_step/sec: 9.29916
2018-06-27 21:41:30,796 - tf_logging.py[line:82] - INFO: loss = 0.9479201, step = 401 (10.751 sec)
2018-06-27 21:41:30,796 - tf_logging.py[line:82] - INFO: lr = 0.0004898459, global_step = 401 (10.751 sec)
2018-06-27 21:41:41,219 - tf_logging.py[line:82] - INFO: Saving checkpoints for 500 into ./model/saved_model/model_5000\model.ckpt.
2018-06-27 21:41:43,156 - tf_logging.py[line:82] - INFO: Loss for final step: 1.2392331.
2018-06-27 21:41:45,124 - tf_logging.py[line:82] - INFO: Create CheckpointSaverHook.
2018-06-27 21:41:45,702 - tf_logging.py[line:82] - INFO: Restoring parameters from ./model/saved_model/model_5000\model.ckpt-500
2018-06-27 21:41:50,983 - tf_logging.py[line:82] - INFO: Saving checkpoints for 501 into ./model/saved_model/model_5000\model.ckpt.
2018-06-27 21:41:53,093 - tf_logging.py[line:82] - INFO: loss = 1.0485212, step = 501
2018-06-27 21:41:53,093 - tf_logging.py[line:82] - INFO: lr = 0.0004873397, global_step = 501
2018-06-27 21:42:04,265 - tf_logging.py[line:82] - INFO: global_step/sec: 8.93912
2018-06-27 21:42:04,265 - tf_logging.py[line:82] - INFO: loss = 1.2475742, step = 601 (11.171 sec)
2018-06-27 21:42:04,265 - tf_logging.py[line:82] - INFO: lr = 0.0004848464, global_step = 601 (11.171 sec)
2018-06-27 21:42:15,390 - tf_logging.py[line:82] - INFO: global_step/sec: 8.98859
2018-06-27 21:42:15,390 - tf_logging.py[line:82] - INFO: loss = 1.3419759, step = 701 (11.125 sec)
2018-06-27 21:42:15,390 - tf_logging.py[line:82] - INFO: lr = 0.00048236584, global_step = 701 (11.125 sec)
2018-06-27 21:42:26,135 - tf_logging.py[line:82] - INFO: global_step/sec: 9.30704
2018-06-27 21:42:26,139 - tf_logging.py[line:82] - INFO: loss = 0.9724355, step = 801 (10.750 sec)
2018-06-27 21:42:26,139 - tf_logging.py[line:82] - INFO: lr = 0.00047989798, global_step = 801 (10.750 sec)
2018-06-27 21:42:37,124 - tf_logging.py[line:82] - INFO: global_step/sec: 9.09911
2018-06-27 21:42:37,156 - tf_logging.py[line:82] - INFO: loss = 0.861319, step = 901 (11.016 sec)
2018-06-27 21:42:37,156 - tf_logging.py[line:82] - INFO: lr = 0.0004774427, global_step = 901 (11.016 sec)
2018-06-27 21:42:47,871 - tf_logging.py[line:82] - INFO: Saving checkpoints for 1000 into ./model/saved_model/model_5000\model.ckpt.
2018-06-27 21:42:49,768 - tf_logging.py[line:82] - INFO: Loss for final step: 1.1442844.
2018-06-27 21:42:51,812 - tf_logging.py[line:82] - INFO: Create CheckpointSaverHook.
2018-06-27 21:42:52,140 - tf_logging.py[line:82] - INFO: Restoring parameters from ./model/saved_model/model_5000\model.ckpt-1000
2018-06-27 21:42:57,640 - tf_logging.py[line:82] - INFO: Saving checkpoints for 1001 into ./model/saved_model/model_5000\model.ckpt.
2018-06-27 21:42:59,713 - tf_logging.py[line:82] - INFO: loss = 1.2512233, step = 1001
2018-06-27 21:42:59,713 - tf_logging.py[line:82] - INFO: lr = 0.00047499998, global_step = 1001
2018-06-27 21:43:11,078 - tf_logging.py[line:82] - INFO: global_step/sec: 8.79761
2018-06-27 21:43:11,079 - tf_logging.py[line:82] - INFO: loss = 1.3423879, step = 1101 (11.367 sec)
2018-06-27 21:43:11,079 - tf_logging.py[line:82] - INFO: lr = 0.0004725698, global_step = 1101 (11.367 sec)
2018-06-27 21:43:21,320 - tf_logging.py[line:82] - INFO: global_step/sec: 9.76413
2018-06-27 21:43:21,321 - tf_logging.py[line:82] - INFO: loss = 1.248412, step = 1201 (10.242 sec)
2018-06-27 21:43:21,321 - tf_logging.py[line:82] - INFO: lr = 0.00047015207, global_step = 1201 (10.242 sec)
2018-06-27 21:43:31,193 - tf_logging.py[line:82] - INFO: global_step/sec: 10.1283
2018-06-27 21:43:31,194 - tf_logging.py[line:82] - INFO: loss = 1.0402194, step = 1301 (9.873 sec)
2018-06-27 21:43:31,194 - tf_logging.py[line:82] - INFO: lr = 0.00046774666, global_step = 1301 (9.873 sec)
2018-06-27 21:43:41,734 - tf_logging.py[line:82] - INFO: global_step/sec: 9.48748
2018-06-27 21:43:41,736 - tf_logging.py[line:82] - INFO: loss = 0.8966882, step = 1401 (10.542 sec)
2018-06-27 21:43:41,736 - tf_logging.py[line:82] - INFO: lr = 0.0004653536, global_step = 1401 (10.542 sec)
2018-06-27 21:43:51,680 - tf_logging.py[line:82] - INFO: Saving checkpoints for 1500 into ./model/saved_model/model_5000\model.ckpt.
2018-06-27 21:43:53,690 - tf_logging.py[line:82] - INFO: Loss for final step: 1.2446017.
2018-06-27 21:43:55,652 - tf_logging.py[line:82] - INFO: Create CheckpointSaverHook.
2018-06-27 21:43:55,993 - tf_logging.py[line:82] - INFO: Restoring parameters from ./model/saved_model/model_5000\model.ckpt-1500
2018-06-27 21:44:01,258 - tf_logging.py[line:82] - INFO: Saving checkpoints for 1501 into ./model/saved_model/model_5000\model.ckpt.
2018-06-27 21:44:03,147 - tf_logging.py[line:82] - INFO: loss = 1.046751, step = 1501
2018-06-27 21:44:03,147 - tf_logging.py[line:82] - INFO: lr = 0.00046297273, global_step = 1501
2018-06-27 21:44:12,751 - tf_logging.py[line:82] - INFO: global_step/sec: 10.4117
2018-06-27 21:44:12,754 - tf_logging.py[line:82] - INFO: loss = 1.1441016, step = 1601 (9.607 sec)
2018-06-27 21:44:12,754 - tf_logging.py[line:82] - INFO: lr = 0.00046060406, global_step = 1601 (9.607 sec)
2018-06-27 21:44:22,254 - tf_logging.py[line:82] - INFO: global_step/sec: 10.5224
2018-06-27 21:44:22,254 - tf_logging.py[line:82] - INFO: loss = 1.2428977, step = 1701 (9.501 sec)
2018-06-27 21:44:22,254 - tf_logging.py[line:82] - INFO: lr = 0.00045824752, global_step = 1701 (9.501 sec)
2018-06-27 21:44:32,553 - tf_logging.py[line:82] - INFO: global_step/sec: 9.71013
2018-06-27 21:44:32,568 - tf_logging.py[line:82] - INFO: loss = 1.0537273, step = 1801 (10.314 sec)
2018-06-27 21:44:32,568 - tf_logging.py[line:82] - INFO: lr = 0.00045590306, global_step = 1801 (10.314 sec)
2018-06-27 21:44:43,031 - tf_logging.py[line:82] - INFO: global_step/sec: 9.54368
2018-06-27 21:44:43,078 - tf_logging.py[line:82] - INFO: loss = 0.8434804, step = 1901 (10.510 sec)
2018-06-27 21:44:43,079 - tf_logging.py[line:82] - INFO: lr = 0.00045357057, global_step = 1901 (10.511 sec)
2018-06-27 21:44:53,125 - tf_logging.py[line:82] - INFO: Saving checkpoints for 2000 into ./model/saved_model/model_5000\model.ckpt.
2018-06-27 21:44:55,299 - tf_logging.py[line:82] - INFO: Loss for final step: 1.0752227.
2018-06-27 21:44:57,444 - tf_logging.py[line:82] - INFO: Create CheckpointSaverHook.
2018-06-27 21:44:57,821 - tf_logging.py[line:82] - INFO: Restoring parameters from ./model/saved_model/model_5000\model.ckpt-2000
2018-06-27 21:45:03,549 - tf_logging.py[line:82] - INFO: Saving checkpoints for 2001 into ./model/saved_model/model_5000\model.ckpt.
2018-06-27 21:45:05,754 - tf_logging.py[line:82] - INFO: loss = 1.07938, step = 2001
2018-06-27 21:45:05,755 - tf_logging.py[line:82] - INFO: lr = 0.00045124997, global_step = 2001
2018-06-27 21:45:17,005 - tf_logging.py[line:82] - INFO: global_step/sec: 8.88492
2018-06-27 21:45:17,007 - tf_logging.py[line:82] - INFO: loss = 1.2263176, step = 2101 (11.253 sec)
2018-06-27 21:45:17,007 - tf_logging.py[line:82] - INFO: lr = 0.0004489413, global_step = 2101 (11.252 sec)
2018-06-27 21:45:27,560 - tf_logging.py[line:82] - INFO: global_step/sec: 9.47435
2018-06-27 21:45:27,560 - tf_logging.py[line:82] - INFO: loss = 1.3420845, step = 2201 (10.553 sec)
2018-06-27 21:45:27,560 - tf_logging.py[line:82] - INFO: lr = 0.00044664444, global_step = 2201 (10.553 sec)
2018-06-27 21:45:38,415 - tf_logging.py[line:82] - INFO: global_step/sec: 9.21177
2018-06-27 21:45:38,431 - tf_logging.py[line:82] - INFO: loss = 1.0099642, step = 2301 (10.871 sec)
2018-06-27 21:45:38,431 - tf_logging.py[line:82] - INFO: lr = 0.00044435932, global_step = 2301 (10.871 sec)
2018-06-27 21:45:49,065 - tf_logging.py[line:82] - INFO: global_step/sec: 9.38966
2018-06-27 21:45:49,081 - tf_logging.py[line:82] - INFO: loss = 0.8239742, step = 2401 (10.650 sec)
2018-06-27 21:45:49,081 - tf_logging.py[line:82] - INFO: lr = 0.0004420859, global_step = 2401 (10.650 sec)
2018-06-27 21:45:59,767 - tf_logging.py[line:82] - INFO: Saving checkpoints for 2500 into ./model/saved_model/model_5000\model.ckpt.
2018-06-27 21:46:01,861 - tf_logging.py[line:82] - INFO: Loss for final step: 1.048195.
2018-06-27 21:46:01,861 - main.py[line:29] - INFO: evaluating model on 5000 data samples....
2018-06-27 21:46:03,751 - tf_logging.py[line:82] - INFO: Starting evaluation at 2018-06-27-20:46:03
2018-06-27 21:46:04,157 - tf_logging.py[line:82] - INFO: Restoring parameters from ./model/saved_model/model_5000\model.ckpt-2500
2018-06-27 21:46:06,873 - tf_logging.py[line:82] - INFO: Finished evaluation at 2018-06-27-20:46:06
2018-06-27 21:46:06,873 - tf_logging.py[line:82] - INFO: Saving dict for global step 2500: accuracy = 0.61875, confusion_matrix = [[72 11  7  0]
 [15 81 39  0]
 [ 3 24 45  0]
 [ 1  4 18  0]], global_step = 2500, loss = 1.1196404
2018-06-27 21:46:10,228 - tf_logging.py[line:86] - WARNING: Skipping summary for confusion_matrix, must be a float, np.float32, np.int64, np.int32 or int.
2018-06-27 21:46:10,332 - main.py[line:31] - INFO: Val set accuracy: 0.619

2018-06-27 21:46:10,333 - tf_logging.py[line:82] - INFO: Using config: {'_task_id': 0, '_service': None, '_save_checkpoints_steps': None, '_is_chief': True, '_num_ps_replicas': 0, '_session_config': None, '_num_worker_replicas': 1, '_keep_checkpoint_max': 1, '_log_step_count_steps': 100, '_task_type': 'worker', '_cluster_spec': <tensorflow.python.training.server_lib.ClusterSpec object at 0x00000228BDDD08D0>, '_save_summary_steps': 100, '_save_checkpoints_secs': 600, '_model_dir': './model/saved_model/model_5850', '_keep_checkpoint_every_n_hours': 10000, '_master': '', '_tf_random_seed': None}
2018-06-27 21:46:12,691 - tf_logging.py[line:82] - INFO: Create CheckpointSaverHook.
2018-06-27 21:46:21,167 - tf_logging.py[line:82] - INFO: Saving checkpoints for 1 into ./model/saved_model/model_5850\model.ckpt.
2018-06-27 21:46:23,326 - tf_logging.py[line:82] - INFO: loss = 1.38673, step = 1
2018-06-27 21:46:23,326 - tf_logging.py[line:82] - INFO: lr = 0.0005, global_step = 1
2018-06-27 21:46:34,048 - tf_logging.py[line:82] - INFO: global_step/sec: 9.32652
2018-06-27 21:46:34,064 - tf_logging.py[line:82] - INFO: loss = 1.1965828, step = 101 (10.738 sec)
2018-06-27 21:46:34,064 - tf_logging.py[line:82] - INFO: lr = 0.0004974419, global_step = 101 (10.738 sec)
2018-06-27 21:46:44,821 - tf_logging.py[line:82] - INFO: global_step/sec: 9.28262
2018-06-27 21:46:44,824 - tf_logging.py[line:82] - INFO: loss = 1.2274354, step = 201 (10.760 sec)
2018-06-27 21:46:44,825 - tf_logging.py[line:82] - INFO: lr = 0.0004948969, global_step = 201 (10.761 sec)
2018-06-27 21:46:55,533 - tf_logging.py[line:82] - INFO: global_step/sec: 9.33506
2018-06-27 21:46:55,535 - tf_logging.py[line:82] - INFO: loss = 1.207455, step = 301 (10.711 sec)
2018-06-27 21:46:55,535 - tf_logging.py[line:82] - INFO: lr = 0.0004923649, global_step = 301 (10.710 sec)
2018-06-27 21:47:05,986 - tf_logging.py[line:82] - INFO: global_step/sec: 9.56667
2018-06-27 21:47:05,986 - tf_logging.py[line:82] - INFO: loss = 1.0386165, step = 401 (10.451 sec)
2018-06-27 21:47:05,986 - tf_logging.py[line:82] - INFO: lr = 0.0004898459, global_step = 401 (10.451 sec)
2018-06-27 21:47:15,763 - tf_logging.py[line:82] - INFO: global_step/sec: 10.2292
2018-06-27 21:47:15,765 - tf_logging.py[line:82] - INFO: loss = 1.1455171, step = 501 (9.779 sec)
2018-06-27 21:47:15,765 - tf_logging.py[line:82] - INFO: lr = 0.0004873397, global_step = 501 (9.779 sec)
2018-06-27 21:47:23,728 - tf_logging.py[line:82] - INFO: Saving checkpoints for 585 into ./model/saved_model/model_5850\model.ckpt.
2018-06-27 21:47:25,842 - tf_logging.py[line:82] - INFO: Loss for final step: 0.9460723.
2018-06-27 21:47:27,957 - tf_logging.py[line:82] - INFO: Create CheckpointSaverHook.
2018-06-27 21:47:28,312 - tf_logging.py[line:82] - INFO: Restoring parameters from ./model/saved_model/model_5850\model.ckpt-585
2018-06-27 21:47:33,578 - tf_logging.py[line:82] - INFO: Saving checkpoints for 586 into ./model/saved_model/model_5850\model.ckpt.
2018-06-27 21:47:35,742 - tf_logging.py[line:82] - INFO: loss = 1.0717273, step = 586
2018-06-27 21:47:35,743 - tf_logging.py[line:82] - INFO: lr = 0.00048521959, global_step = 586
2018-06-27 21:47:45,562 - tf_logging.py[line:82] - INFO: global_step/sec: 10.1831
2018-06-27 21:47:45,564 - tf_logging.py[line:82] - INFO: loss = 1.3165497, step = 686 (9.822 sec)
2018-06-27 21:47:45,564 - tf_logging.py[line:82] - INFO: lr = 0.00048273714, global_step = 686 (9.821 sec)
2018-06-27 21:47:55,100 - tf_logging.py[line:82] - INFO: global_step/sec: 10.4839
2018-06-27 21:47:55,103 - tf_logging.py[line:82] - INFO: loss = 1.2434032, step = 786 (9.538 sec)
2018-06-27 21:47:55,103 - tf_logging.py[line:82] - INFO: lr = 0.0004802673, global_step = 786 (9.538 sec)
2018-06-27 21:48:05,224 - tf_logging.py[line:82] - INFO: global_step/sec: 9.87754
2018-06-27 21:48:05,225 - tf_logging.py[line:82] - INFO: loss = 0.8657457, step = 886 (10.122 sec)
2018-06-27 21:48:05,225 - tf_logging.py[line:82] - INFO: lr = 0.0004778102, global_step = 886 (10.122 sec)
2018-06-27 21:48:14,756 - tf_logging.py[line:82] - INFO: global_step/sec: 10.4905
2018-06-27 21:48:14,808 - tf_logging.py[line:82] - INFO: loss = 0.90819496, step = 986 (9.584 sec)
2018-06-27 21:48:14,809 - tf_logging.py[line:82] - INFO: lr = 0.0004753656, global_step = 986 (9.585 sec)
2018-06-27 21:48:24,691 - tf_logging.py[line:82] - INFO: global_step/sec: 10.067
2018-06-27 21:48:24,693 - tf_logging.py[line:82] - INFO: loss = 1.4398832, step = 1086 (9.884 sec)
2018-06-27 21:48:24,693 - tf_logging.py[line:82] - INFO: lr = 0.00047293355, global_step = 1086 (9.883 sec)
2018-06-27 21:48:33,109 - tf_logging.py[line:82] - INFO: Saving checkpoints for 1170 into ./model/saved_model/model_5850\model.ckpt.
2018-06-27 21:48:35,508 - tf_logging.py[line:82] - INFO: Loss for final step: 1.0453304.
2018-06-27 21:48:37,368 - tf_logging.py[line:82] - INFO: Create CheckpointSaverHook.
2018-06-27 21:48:37,728 - tf_logging.py[line:82] - INFO: Restoring parameters from ./model/saved_model/model_5850\model.ckpt-1170
2018-06-27 21:48:43,153 - tf_logging.py[line:82] - INFO: Saving checkpoints for 1171 into ./model/saved_model/model_5850\model.ckpt.
2018-06-27 21:48:45,123 - tf_logging.py[line:82] - INFO: loss = 1.0510945, step = 1171
2018-06-27 21:48:45,123 - tf_logging.py[line:82] - INFO: lr = 0.00047087608, global_step = 1171
2018-06-27 21:48:55,016 - tf_logging.py[line:82] - INFO: global_step/sec: 10.1068
2018-06-27 21:48:55,017 - tf_logging.py[line:82] - INFO: loss = 1.3361125, step = 1271 (9.894 sec)
2018-06-27 21:48:55,018 - tf_logging.py[line:82] - INFO: lr = 0.00046846698, global_step = 1271 (9.894 sec)
2018-06-27 21:49:04,684 - tf_logging.py[line:82] - INFO: global_step/sec: 10.3426
2018-06-27 21:49:04,687 - tf_logging.py[line:82] - INFO: loss = 1.0849304, step = 1371 (9.671 sec)
2018-06-27 21:49:04,687 - tf_logging.py[line:82] - INFO: lr = 0.00046607023, global_step = 1371 (9.670 sec)
2018-06-27 21:49:15,116 - tf_logging.py[line:82] - INFO: global_step/sec: 9.58617
2018-06-27 21:49:15,117 - tf_logging.py[line:82] - INFO: loss = 0.94592476, step = 1471 (10.430 sec)
2018-06-27 21:49:15,117 - tf_logging.py[line:82] - INFO: lr = 0.0004636857, global_step = 1471 (10.430 sec)
2018-06-27 21:49:25,969 - tf_logging.py[line:82] - INFO: global_step/sec: 9.21459
2018-06-27 21:49:25,971 - tf_logging.py[line:82] - INFO: loss = 0.8450738, step = 1571 (10.854 sec)
2018-06-27 21:49:25,973 - tf_logging.py[line:82] - INFO: lr = 0.00046131338, global_step = 1571 (10.856 sec)
2018-06-27 21:49:36,551 - tf_logging.py[line:82] - INFO: global_step/sec: 9.44994
2018-06-27 21:49:36,552 - tf_logging.py[line:82] - INFO: loss = 1.2480162, step = 1671 (10.581 sec)
2018-06-27 21:49:36,552 - tf_logging.py[line:82] - INFO: lr = 0.00045895323, global_step = 1671 (10.580 sec)
2018-06-27 21:49:45,853 - tf_logging.py[line:82] - INFO: Saving checkpoints for 1755 into ./model/saved_model/model_5850\model.ckpt.
2018-06-27 21:49:48,017 - tf_logging.py[line:82] - INFO: Loss for final step: 1.0550307.
2018-06-27 21:49:49,949 - tf_logging.py[line:82] - INFO: Create CheckpointSaverHook.
2018-06-27 21:49:50,297 - tf_logging.py[line:82] - INFO: Restoring parameters from ./model/saved_model/model_5850\model.ckpt-1755
2018-06-27 21:49:55,783 - tf_logging.py[line:82] - INFO: Saving checkpoints for 1756 into ./model/saved_model/model_5850\model.ckpt.
2018-06-27 21:49:57,752 - tf_logging.py[line:82] - INFO: loss = 1.1452836, step = 1756
2018-06-27 21:49:57,752 - tf_logging.py[line:82] - INFO: lr = 0.0004569566, global_step = 1756
2018-06-27 21:50:08,346 - tf_logging.py[line:82] - INFO: global_step/sec: 9.43919
2018-06-27 21:50:08,346 - tf_logging.py[line:82] - INFO: loss = 1.2504113, step = 1856 (10.594 sec)
2018-06-27 21:50:08,346 - tf_logging.py[line:82] - INFO: lr = 0.0004546187, global_step = 1856 (10.594 sec)
2018-06-27 21:50:18,974 - tf_logging.py[line:82] - INFO: global_step/sec: 9.40969
2018-06-27 21:50:19,005 - tf_logging.py[line:82] - INFO: loss = 1.1449705, step = 1956 (10.659 sec)
2018-06-27 21:50:19,005 - tf_logging.py[line:82] - INFO: lr = 0.0004522928, global_step = 1956 (10.659 sec)
2018-06-27 21:50:29,546 - tf_logging.py[line:82] - INFO: global_step/sec: 9.45884
2018-06-27 21:50:29,547 - tf_logging.py[line:82] - INFO: loss = 1.0005434, step = 2056 (10.542 sec)
2018-06-27 21:50:29,547 - tf_logging.py[line:82] - INFO: lr = 0.00044997872, global_step = 2056 (10.542 sec)
2018-06-27 21:50:40,176 - tf_logging.py[line:82] - INFO: global_step/sec: 9.40696
2018-06-27 21:50:40,177 - tf_logging.py[line:82] - INFO: loss = 1.0390908, step = 2156 (10.630 sec)
2018-06-27 21:50:40,177 - tf_logging.py[line:82] - INFO: lr = 0.0004476766, global_step = 2156 (10.630 sec)
2018-06-27 21:50:50,611 - tf_logging.py[line:82] - INFO: global_step/sec: 9.58347
2018-06-27 21:50:50,628 - tf_logging.py[line:82] - INFO: loss = 1.1386952, step = 2256 (10.450 sec)
2018-06-27 21:50:50,628 - tf_logging.py[line:82] - INFO: lr = 0.0004453862, global_step = 2256 (10.450 sec)
2018-06-27 21:50:59,404 - tf_logging.py[line:82] - INFO: Saving checkpoints for 2340 into ./model/saved_model/model_5850\model.ckpt.
2018-06-27 21:51:01,695 - tf_logging.py[line:82] - INFO: Loss for final step: 1.0419447.
2018-06-27 21:51:03,882 - tf_logging.py[line:82] - INFO: Create CheckpointSaverHook.
2018-06-27 21:51:04,275 - tf_logging.py[line:82] - INFO: Restoring parameters from ./model/saved_model/model_5850\model.ckpt-2340
2018-06-27 21:51:10,757 - tf_logging.py[line:82] - INFO: Saving checkpoints for 2341 into ./model/saved_model/model_5850\model.ckpt.
2018-06-27 21:51:12,834 - tf_logging.py[line:82] - INFO: loss = 0.9492243, step = 2341
2018-06-27 21:51:12,834 - tf_logging.py[line:82] - INFO: lr = 0.00044344855, global_step = 2341
2018-06-27 21:51:23,598 - tf_logging.py[line:82] - INFO: global_step/sec: 9.2879
2018-06-27 21:51:23,599 - tf_logging.py[line:82] - INFO: loss = 1.136425, step = 2441 (10.766 sec)
2018-06-27 21:51:23,599 - tf_logging.py[line:82] - INFO: lr = 0.00044117979, global_step = 2441 (10.766 sec)
2018-06-27 21:51:34,526 - tf_logging.py[line:82] - INFO: global_step/sec: 9.1507
2018-06-27 21:51:34,528 - tf_logging.py[line:82] - INFO: loss = 1.0455682, step = 2541 (10.929 sec)
2018-06-27 21:51:34,529 - tf_logging.py[line:82] - INFO: lr = 0.0004389226, global_step = 2541 (10.930 sec)
2018-06-27 21:51:45,286 - tf_logging.py[line:82] - INFO: global_step/sec: 9.29396
2018-06-27 21:51:45,288 - tf_logging.py[line:82] - INFO: loss = 0.84522915, step = 2641 (10.760 sec)
2018-06-27 21:51:45,288 - tf_logging.py[line:82] - INFO: lr = 0.00043667702, global_step = 2641 (10.759 sec)
2018-06-27 21:51:56,525 - tf_logging.py[line:82] - INFO: global_step/sec: 8.89842
2018-06-27 21:51:56,526 - tf_logging.py[line:82] - INFO: loss = 0.84621036, step = 2741 (11.238 sec)
2018-06-27 21:51:56,526 - tf_logging.py[line:82] - INFO: lr = 0.0004344429, global_step = 2741 (11.238 sec)
2018-06-27 21:52:08,051 - tf_logging.py[line:82] - INFO: global_step/sec: 8.67549
2018-06-27 21:52:08,053 - tf_logging.py[line:82] - INFO: loss = 1.0455562, step = 2841 (11.527 sec)
2018-06-27 21:52:08,053 - tf_logging.py[line:82] - INFO: lr = 0.00043222017, global_step = 2841 (11.527 sec)
2018-06-27 21:52:17,800 - tf_logging.py[line:82] - INFO: Saving checkpoints for 2925 into ./model/saved_model/model_5850\model.ckpt.
2018-06-27 21:52:20,326 - tf_logging.py[line:82] - INFO: Loss for final step: 1.0291587.
2018-06-27 21:52:20,326 - main.py[line:29] - INFO: evaluating model on 5850 data samples....
2018-06-27 21:52:22,885 - tf_logging.py[line:82] - INFO: Starting evaluation at 2018-06-27-20:52:22
2018-06-27 21:52:23,316 - tf_logging.py[line:82] - INFO: Restoring parameters from ./model/saved_model/model_5850\model.ckpt-2925
2018-06-27 21:52:26,033 - tf_logging.py[line:82] - INFO: Finished evaluation at 2018-06-27-20:52:26
2018-06-27 21:52:26,034 - tf_logging.py[line:82] - INFO: Saving dict for global step 2925: accuracy = 0.596875, confusion_matrix = [[74 10  6  0]
 [28 66 41  0]
 [ 5 16 51  0]
 [ 3  1 19  0]], global_step = 2925, loss = 1.145974
2018-06-27 21:52:29,507 - tf_logging.py[line:86] - WARNING: Skipping summary for confusion_matrix, must be a float, np.float32, np.int64, np.int32 or int.
2018-06-27 21:52:29,559 - main.py[line:31] - INFO: Val set accuracy: 0.597

