2018-07-21 20:10:20,416 - main.py[line:63] - INFO: words index loaded,vocab size:36191
2018-07-21 20:10:20,416 - main.py[line:96] - INFO: start open domain pretraining ...
2018-07-21 20:10:25,057 - tf_logging.py[line:82] - INFO: Using config: {'_task_id': 0, '_is_chief': True, '_save_checkpoints_secs': 600, '_save_checkpoints_steps': None, '_tf_random_seed': None, '_log_step_count_steps': 100, '_session_config': None, '_task_type': 'worker', '_num_worker_replicas': 1, '_save_summary_steps': 100, '_keep_checkpoint_max': 1, '_master': '', '_keep_checkpoint_every_n_hours': 10000, '_model_dir': 'D:/PycharmWorkSpace/Gits/Deep_Nature_Language_Processing/Transfer_Learning/Low_Resource_Text_Classification/model/pretrain', '_num_ps_replicas': 0, '_cluster_spec': <tensorflow.python.training.server_lib.ClusterSpec object at 0x0000027981D0C898>, '_service': None}
2018-07-21 20:10:25,058 - tf_logging.py[line:90] - WARNING: Estimator's model_fn (<bound method Model.model_fn of <model.model.Model object at 0x00000279FB7AB390>>) includes params argument, but params are not passed to Estimator.
2018-07-21 20:10:28,496 - tf_logging.py[line:82] - INFO: Create CheckpointSaverHook.
2018-07-21 20:10:43,474 - tf_logging.py[line:82] - INFO: Saving checkpoints for 5 into D:/PycharmWorkSpace/Gits/Deep_Nature_Language_Processing/Transfer_Learning/Low_Resource_Text_Classification/model/pretrain\model.ckpt.
2018-07-21 20:10:48,682 - tf_logging.py[line:82] - INFO: step = 5, loss = 555.8836
2018-07-21 20:10:48,682 - tf_logging.py[line:82] - INFO: lr_4 = 6.6375e-05, lr = 0.0005, global_step = 5, lr_3 = 3.31875e-05, lr_2 = 1.3275e-05, lr_1 = 4.9781256e-06
2018-07-21 20:10:54,001 - tf_logging.py[line:82] - INFO: global_step/sec: 19.7285
2018-07-21 20:10:59,352 - tf_logging.py[line:82] - INFO: global_step/sec: 19.6217
2018-07-21 20:11:04,127 - tf_logging.py[line:82] - INFO: global_step/sec: 21.9909
2018-07-21 20:11:08,894 - tf_logging.py[line:82] - INFO: global_step/sec: 22.028
2018-07-21 20:11:12,881 - tf_logging.py[line:82] - INFO: step = 505, loss = 362.32285 (24.199 sec)
2018-07-21 20:11:12,882 - tf_logging.py[line:82] - INFO: lr_4 = 0.0019995696, lr = 0.0004873397, global_step = 505, lr_3 = 0.0009997848, lr_2 = 0.00039991387, lr_1 = 0.00014996772 (24.200 sec)
2018-07-21 20:11:14,035 - tf_logging.py[line:82] - INFO: global_step/sec: 20.4214
2018-07-21 20:11:18,818 - tf_logging.py[line:82] - INFO: global_step/sec: 21.9541
2018-07-21 20:11:23,583 - tf_logging.py[line:82] - INFO: global_step/sec: 22.0372
2018-07-21 20:11:28,373 - tf_logging.py[line:82] - INFO: global_step/sec: 21.7086
2018-07-21 20:11:33,186 - tf_logging.py[line:82] - INFO: global_step/sec: 21.8169
2018-07-21 20:11:35,712 - tf_logging.py[line:82] - INFO: step = 1004, loss = 242.0022 (22.831 sec)
2018-07-21 20:11:35,712 - tf_logging.py[line:82] - INFO: lr_4 = 0.0017847223, lr = 0.00047502437, global_step = 1004, lr_3 = 0.00089236116, lr_2 = 0.00035694442, lr_1 = 0.00013385418 (22.830 sec)
2018-07-21 20:11:35,713 - tf_logging.py[line:82] - INFO: Saving checkpoints for 1004 into D:/PycharmWorkSpace/Gits/Deep_Nature_Language_Processing/Transfer_Learning/Low_Resource_Text_Classification/model/pretrain\model.ckpt.
2018-07-21 20:11:40,525 - tf_logging.py[line:82] - INFO: Loss for final step: 242.0022.
2018-07-21 20:11:43,399 - tf_logging.py[line:82] - INFO: Create CheckpointSaverHook.
2018-07-21 20:11:43,840 - tf_logging.py[line:82] - INFO: Restoring parameters from D:/PycharmWorkSpace/Gits/Deep_Nature_Language_Processing/Transfer_Learning/Low_Resource_Text_Classification/model/pretrain\model.ckpt-1004
2018-07-21 20:11:51,644 - tf_logging.py[line:82] - INFO: Saving checkpoints for 1009 into D:/PycharmWorkSpace/Gits/Deep_Nature_Language_Processing/Transfer_Learning/Low_Resource_Text_Classification/model/pretrain\model.ckpt.
2018-07-21 20:11:56,402 - tf_logging.py[line:82] - INFO: step = 1009, loss = 314.6089
2018-07-21 20:11:56,402 - tf_logging.py[line:82] - INFO: lr_4 = 0.0017825696, lr = 0.00047490254, global_step = 1009, lr_3 = 0.0008912848, lr_2 = 0.0003565139, lr_1 = 0.00013369272
2018-07-21 20:12:01,568 - tf_logging.py[line:82] - INFO: global_step/sec: 20.3223
2018-07-21 20:12:06,782 - tf_logging.py[line:82] - INFO: global_step/sec: 20.1386
2018-07-21 20:12:11,605 - tf_logging.py[line:82] - INFO: global_step/sec: 21.767
2018-07-21 20:12:16,470 - tf_logging.py[line:82] - INFO: global_step/sec: 21.3819
2018-07-21 20:12:20,582 - tf_logging.py[line:82] - INFO: step = 1508, loss = 282.90897 (24.180 sec)
2018-07-21 20:12:20,582 - tf_logging.py[line:82] - INFO: lr_4 = 0.0015677223, lr = 0.0004629015, global_step = 1508, lr_3 = 0.00078386115, lr_2 = 0.00031354444, lr_1 = 0.00011757917 (24.180 sec)
2018-07-21 20:12:21,737 - tf_logging.py[line:82] - INFO: global_step/sec: 19.7418
2018-07-21 20:12:26,535 - tf_logging.py[line:82] - INFO: global_step/sec: 21.8852
2018-07-21 20:12:31,446 - tf_logging.py[line:82] - INFO: global_step/sec: 21.3803
2018-07-21 20:12:36,386 - tf_logging.py[line:82] - INFO: global_step/sec: 21.2545
2018-07-21 20:12:41,250 - tf_logging.py[line:82] - INFO: global_step/sec: 21.3863
2018-07-21 20:12:44,120 - tf_logging.py[line:82] - INFO: step = 2006, loss = 202.94225 (23.538 sec)
2018-07-21 20:12:44,121 - tf_logging.py[line:82] - INFO: lr_4 = 0.0013533056, lr = 0.0004512269, global_step = 2006, lr_3 = 0.0006766528, lr_2 = 0.0002706611, lr_1 = 0.00010149792 (23.539 sec)
2018-07-21 20:12:44,372 - tf_logging.py[line:82] - INFO: Saving checkpoints for 2011 into D:/PycharmWorkSpace/Gits/Deep_Nature_Language_Processing/Transfer_Learning/Low_Resource_Text_Classification/model/pretrain\model.ckpt.
2018-07-21 20:12:49,887 - tf_logging.py[line:82] - INFO: Loss for final step: 209.21964.
2018-07-21 20:12:52,831 - tf_logging.py[line:82] - INFO: Create CheckpointSaverHook.
2018-07-21 20:12:53,266 - tf_logging.py[line:82] - INFO: Restoring parameters from D:/PycharmWorkSpace/Gits/Deep_Nature_Language_Processing/Transfer_Learning/Low_Resource_Text_Classification/model/pretrain\model.ckpt-2011
2018-07-21 20:13:00,979 - tf_logging.py[line:82] - INFO: Saving checkpoints for 2016 into D:/PycharmWorkSpace/Gits/Deep_Nature_Language_Processing/Transfer_Learning/Low_Resource_Text_Classification/model/pretrain\model.ckpt.
2018-07-21 20:13:05,889 - tf_logging.py[line:82] - INFO: step = 2016, loss = 289.9458
2018-07-21 20:13:05,889 - tf_logging.py[line:82] - INFO: lr_4 = 0.0013490001, lr = 0.00045099546, global_step = 2016, lr_3 = 0.0006745001, lr_2 = 0.00026980002, lr_1 = 0.000101175014
2018-07-21 20:13:11,388 - tf_logging.py[line:82] - INFO: global_step/sec: 19.0888
2018-07-21 20:13:16,786 - tf_logging.py[line:82] - INFO: global_step/sec: 19.454
2018-07-21 20:13:21,923 - tf_logging.py[line:82] - INFO: global_step/sec: 20.4373
2018-07-21 20:13:26,883 - tf_logging.py[line:82] - INFO: global_step/sec: 20.9712
2018-07-21 20:13:31,236 - tf_logging.py[line:82] - INFO: step = 2515, loss = 245.83243 (25.346 sec)
2018-07-21 20:13:31,236 - tf_logging.py[line:82] - INFO: lr_4 = 0.0011341528, lr = 0.00043959855, global_step = 2515, lr_3 = 0.0005670764, lr_2 = 0.00022683053, lr_1 = 8.506145e-05 (25.347 sec)
2018-07-21 20:13:32,451 - tf_logging.py[line:82] - INFO: global_step/sec: 18.855
2018-07-21 20:13:37,714 - tf_logging.py[line:82] - INFO: global_step/sec: 19.9544
2018-07-21 20:13:42,788 - tf_logging.py[line:82] - INFO: global_step/sec: 21.0859
2018-07-21 20:13:47,936 - tf_logging.py[line:82] - INFO: global_step/sec: 20.5878
2018-07-21 20:13:52,874 - tf_logging.py[line:82] - INFO: global_step/sec: 21.0649
2018-07-21 20:13:54,935 - tf_logging.py[line:82] - INFO: step = 3006, loss = 229.39085 (23.700 sec)
2018-07-21 20:13:54,935 - tf_logging.py[line:82] - INFO: lr_4 = 0.00092275004, lr = 0.00042866552, global_step = 3006, lr_3 = 0.00046137502, lr_2 = 0.00018455, lr_1 = 6.920625e-05 (23.699 sec)
2018-07-21 20:13:55,406 - tf_logging.py[line:82] - INFO: Saving checkpoints for 3016 into D:/PycharmWorkSpace/Gits/Deep_Nature_Language_Processing/Transfer_Learning/Low_Resource_Text_Classification/model/pretrain\model.ckpt.
2018-07-21 20:14:00,284 - tf_logging.py[line:82] - INFO: Loss for final step: 212.2739.
2018-07-21 20:14:03,185 - tf_logging.py[line:82] - INFO: Create CheckpointSaverHook.
2018-07-21 20:14:03,610 - tf_logging.py[line:82] - INFO: Restoring parameters from D:/PycharmWorkSpace/Gits/Deep_Nature_Language_Processing/Transfer_Learning/Low_Resource_Text_Classification/model/pretrain\model.ckpt-3016
2018-07-21 20:14:11,335 - tf_logging.py[line:82] - INFO: Saving checkpoints for 3021 into D:/PycharmWorkSpace/Gits/Deep_Nature_Language_Processing/Transfer_Learning/Low_Resource_Text_Classification/model/pretrain\model.ckpt.
2018-07-21 20:14:16,030 - tf_logging.py[line:82] - INFO: step = 3021, loss = 255.74692
2018-07-21 20:14:16,030 - tf_logging.py[line:82] - INFO: lr_4 = 0.0009162918, lr = 0.0004283358, global_step = 3021, lr_3 = 0.0004581459, lr_2 = 0.00018325834, lr_1 = 6.8721885e-05
2018-07-21 20:14:21,208 - tf_logging.py[line:82] - INFO: global_step/sec: 20.0859
2018-07-21 20:14:26,526 - tf_logging.py[line:82] - INFO: global_step/sec: 20.304
2018-07-21 20:14:31,300 - tf_logging.py[line:82] - INFO: global_step/sec: 21.7861
2018-07-21 20:14:36,158 - tf_logging.py[line:82] - INFO: global_step/sec: 21.6142
2018-07-21 20:14:40,255 - tf_logging.py[line:82] - INFO: step = 3517, loss = 191.58128 (24.223 sec)
2018-07-21 20:14:40,255 - tf_logging.py[line:82] - INFO: lr_4 = 0.0007027362, lr = 0.00041757576, global_step = 3517, lr_3 = 0.0003513681, lr_2 = 0.00014054723, lr_1 = 5.2705214e-05 (24.224 sec)
2018-07-21 20:14:41,643 - tf_logging.py[line:82] - INFO: global_step/sec: 19.1411
2018-07-21 20:14:46,482 - tf_logging.py[line:82] - INFO: global_step/sec: 21.7038
2018-07-21 20:14:51,348 - tf_logging.py[line:82] - INFO: global_step/sec: 21.5741
2018-07-21 20:14:56,322 - tf_logging.py[line:82] - INFO: global_step/sec: 20.9078
2018-07-21 20:15:01,286 - tf_logging.py[line:82] - INFO: global_step/sec: 21.1515
2018-07-21 20:15:03,595 - tf_logging.py[line:82] - INFO: step = 4016, loss = 236.19276 (23.341 sec)
2018-07-21 20:15:03,595 - tf_logging.py[line:82] - INFO: lr_4 = 0.00048788893, lr = 0.00040702338, global_step = 4016, lr_3 = 0.00024394447, lr_2 = 9.757778e-05, lr_1 = 3.659167e-05 (23.340 sec)
2018-07-21 20:15:03,824 - tf_logging.py[line:82] - INFO: Saving checkpoints for 4021 into D:/PycharmWorkSpace/Gits/Deep_Nature_Language_Processing/Transfer_Learning/Low_Resource_Text_Classification/model/pretrain\model.ckpt.
2018-07-21 20:15:08,626 - tf_logging.py[line:82] - INFO: Loss for final step: 278.45325.
2018-07-21 20:15:11,533 - tf_logging.py[line:82] - INFO: Create CheckpointSaverHook.
2018-07-21 20:15:11,950 - tf_logging.py[line:82] - INFO: Restoring parameters from D:/PycharmWorkSpace/Gits/Deep_Nature_Language_Processing/Transfer_Learning/Low_Resource_Text_Classification/model/pretrain\model.ckpt-4021
2018-07-21 20:15:19,539 - tf_logging.py[line:82] - INFO: Saving checkpoints for 4026 into D:/PycharmWorkSpace/Gits/Deep_Nature_Language_Processing/Transfer_Learning/Low_Resource_Text_Classification/model/pretrain\model.ckpt.
2018-07-21 20:15:24,577 - tf_logging.py[line:82] - INFO: step = 4026, loss = 313.5676
2018-07-21 20:15:24,578 - tf_logging.py[line:82] - INFO: lr_4 = 0.00048358334, lr = 0.00040681468, global_step = 4026, lr_3 = 0.00024179167, lr_2 = 9.6716656e-05, lr_1 = 3.626875e-05
2018-07-21 20:15:30,028 - tf_logging.py[line:82] - INFO: global_step/sec: 19.2608
2018-07-21 20:15:35,761 - tf_logging.py[line:82] - INFO: global_step/sec: 18.8408
2018-07-21 20:15:40,840 - tf_logging.py[line:82] - INFO: global_step/sec: 20.6713
2018-07-21 20:15:45,689 - tf_logging.py[line:82] - INFO: global_step/sec: 21.4438
2018-07-21 20:15:49,510 - tf_logging.py[line:82] - INFO: step = 4523, loss = 277.0531 (24.932 sec)
2018-07-21 20:15:49,511 - tf_logging.py[line:82] - INFO: lr_4 = 0.00026959725, lr = 0.0003965749, global_step = 4523, lr_3 = 0.00013479863, lr_2 = 5.3919444e-05, lr_1 = 2.0219793e-05 (24.932 sec)
2018-07-21 20:15:50,887 - tf_logging.py[line:82] - INFO: global_step/sec: 20.2008
2018-07-21 20:15:55,750 - tf_logging.py[line:82] - INFO: global_step/sec: 21.3907
2018-07-21 20:16:00,605 - tf_logging.py[line:82] - INFO: global_step/sec: 21.4172
2018-07-21 20:16:05,756 - tf_logging.py[line:82] - INFO: global_step/sec: 20.9681
2018-07-21 20:16:10,820 - tf_logging.py[line:82] - INFO: global_step/sec: 21.3251
2018-07-21 20:16:12,660 - tf_logging.py[line:82] - INFO: step = 5017, loss = 255.32838 (23.151 sec)
2018-07-21 20:16:12,660 - tf_logging.py[line:82] - INFO: lr_4 = 5.6902725e-05, lr = 0.00038665236, global_step = 5017, lr_3 = 2.8451363e-05, lr_2 = 1.1380544e-05, lr_1 = 4.2677043e-06 (23.150 sec)
2018-07-21 20:16:13,136 - tf_logging.py[line:82] - INFO: Saving checkpoints for 5027 into D:/PycharmWorkSpace/Gits/Deep_Nature_Language_Processing/Transfer_Learning/Low_Resource_Text_Classification/model/pretrain\model.ckpt.
2018-07-21 20:16:18,082 - tf_logging.py[line:82] - INFO: Loss for final step: 193.98318.
2018-07-21 20:16:18,083 - main.py[line:103] - INFO: start in domain pretraining ...
2018-07-21 20:16:18,943 - tf_logging.py[line:82] - INFO: Using config: {'_task_id': 0, '_is_chief': True, '_save_checkpoints_secs': 600, '_save_checkpoints_steps': None, '_tf_random_seed': None, '_log_step_count_steps': 100, '_session_config': None, '_task_type': 'worker', '_num_worker_replicas': 1, '_save_summary_steps': 100, '_keep_checkpoint_max': 1, '_master': '', '_keep_checkpoint_every_n_hours': 10000, '_model_dir': 'D:/PycharmWorkSpace/Gits/Deep_Nature_Language_Processing/Transfer_Learning/Low_Resource_Text_Classification/model/pretrain', '_num_ps_replicas': 0, '_cluster_spec': <tensorflow.python.training.server_lib.ClusterSpec object at 0x0000027AEA777898>, '_service': None}
2018-07-21 20:16:18,943 - tf_logging.py[line:90] - WARNING: Estimator's model_fn (<bound method Model.model_fn of <model.model.Model object at 0x00000279FA9A7710>>) includes params argument, but params are not passed to Estimator.
2018-07-21 20:16:21,914 - tf_logging.py[line:82] - INFO: Create CheckpointSaverHook.
2018-07-21 20:16:22,323 - tf_logging.py[line:82] - INFO: Restoring parameters from D:/PycharmWorkSpace/Gits/Deep_Nature_Language_Processing/Transfer_Learning/Low_Resource_Text_Classification/model/pretrain\model.ckpt-5027
2018-07-21 20:16:29,981 - tf_logging.py[line:82] - INFO: Saving checkpoints for 5032 into D:/PycharmWorkSpace/Gits/Deep_Nature_Language_Processing/Transfer_Learning/Low_Resource_Text_Classification/model/pretrain\model.ckpt.
2018-07-21 20:16:34,710 - tf_logging.py[line:82] - INFO: step = 5032, loss = 347.86224
2018-07-21 20:16:34,711 - tf_logging.py[line:82] - INFO: lr_4 = 5.0444396e-05, lr = 0.00038635504, global_step = 5032, lr_3 = 2.5222198e-05, lr_2 = 1.0088878e-05, lr_1 = 3.7833297e-06
2018-07-21 20:16:40,213 - tf_logging.py[line:82] - INFO: global_step/sec: 19.0714
2018-07-21 20:16:45,465 - tf_logging.py[line:82] - INFO: global_step/sec: 19.9963
2018-07-21 20:16:50,257 - tf_logging.py[line:82] - INFO: global_step/sec: 21.9081
2018-07-21 20:16:55,453 - tf_logging.py[line:82] - INFO: global_step/sec: 20.2086
2018-07-21 20:16:59,478 - tf_logging.py[line:82] - INFO: step = 5532, loss = 367.61444 (24.768 sec)
2018-07-21 20:16:59,478 - tf_logging.py[line:82] - INFO: lr_4 = -0.00016483325, lr = 0.0003765723, global_step = 5532, lr_3 = -8.241663e-05, lr_2 = -3.2966647e-05, lr_1 = -1.2362494e-05 (24.767 sec)
2018-07-21 20:17:00,621 - tf_logging.py[line:82] - INFO: global_step/sec: 20.3184
2018-07-21 20:17:05,419 - tf_logging.py[line:82] - INFO: global_step/sec: 21.8807
2018-07-21 20:17:10,293 - tf_logging.py[line:82] - INFO: global_step/sec: 21.5431
2018-07-21 20:17:15,137 - tf_logging.py[line:82] - INFO: global_step/sec: 21.6769
2018-07-21 20:17:19,981 - tf_logging.py[line:82] - INFO: global_step/sec: 21.6769
2018-07-21 20:17:22,525 - tf_logging.py[line:82] - INFO: step = 6032, loss = 320.12827 (23.047 sec)
2018-07-21 20:17:22,525 - tf_logging.py[line:82] - INFO: lr_4 = -0.00038011116, lr = 0.00036703728, global_step = 6032, lr_3 = -0.00019005558, lr_2 = -7.6022225e-05, lr_1 = -2.8508335e-05 (23.047 sec)
2018-07-21 20:17:22,526 - tf_logging.py[line:82] - INFO: Saving checkpoints for 6032 into D:/PycharmWorkSpace/Gits/Deep_Nature_Language_Processing/Transfer_Learning/Low_Resource_Text_Classification/model/pretrain\model.ckpt.
2018-07-21 20:17:27,227 - tf_logging.py[line:82] - INFO: Loss for final step: 320.12827.
2018-07-21 20:17:30,105 - tf_logging.py[line:82] - INFO: Create CheckpointSaverHook.
2018-07-21 20:17:30,541 - tf_logging.py[line:82] - INFO: Restoring parameters from D:/PycharmWorkSpace/Gits/Deep_Nature_Language_Processing/Transfer_Learning/Low_Resource_Text_Classification/model/pretrain\model.ckpt-6032
2018-07-21 20:17:38,296 - tf_logging.py[line:82] - INFO: Saving checkpoints for 6037 into D:/PycharmWorkSpace/Gits/Deep_Nature_Language_Processing/Transfer_Learning/Low_Resource_Text_Classification/model/pretrain\model.ckpt.
